26-Jan-2016 09:45:31.162 INFO [main] org.apache.catalina.startup.VersionLoggerListener.log Server version:        Apache Tomcat/8.0.24
26-Jan-2016 09:45:31.171 INFO [main] org.apache.catalina.startup.VersionLoggerListener.log Server built:          Jul 1 2015 20:19:55 UTC
26-Jan-2016 09:45:31.172 INFO [main] org.apache.catalina.startup.VersionLoggerListener.log Server number:         8.0.24.0
26-Jan-2016 09:45:31.173 INFO [main] org.apache.catalina.startup.VersionLoggerListener.log OS Name:               Linux
26-Jan-2016 09:45:31.173 INFO [main] org.apache.catalina.startup.VersionLoggerListener.log OS Version:            4.1.13-v7+
26-Jan-2016 09:45:31.174 INFO [main] org.apache.catalina.startup.VersionLoggerListener.log Architecture:          arm
26-Jan-2016 09:45:31.175 INFO [main] org.apache.catalina.startup.VersionLoggerListener.log Java Home:             /usr/lib/jvm/jdk-8-oracle-arm-vfp-hflt/jre
26-Jan-2016 09:45:31.176 INFO [main] org.apache.catalina.startup.VersionLoggerListener.log JVM Version:           1.8.0-b132
26-Jan-2016 09:45:31.176 INFO [main] org.apache.catalina.startup.VersionLoggerListener.log JVM Vendor:            Oracle Corporation
26-Jan-2016 09:45:31.177 INFO [main] org.apache.catalina.startup.VersionLoggerListener.log CATALINA_BASE:         /home/pi/apache-tomcat-8.0.24
26-Jan-2016 09:45:31.177 INFO [main] org.apache.catalina.startup.VersionLoggerListener.log CATALINA_HOME:         /home/pi/apache-tomcat-8.0.24
26-Jan-2016 09:45:31.179 INFO [main] org.apache.catalina.startup.VersionLoggerListener.log Command line argument: -Djava.util.logging.config.file=/home/pi/apache-tomcat-8.0.24/conf/logging.properties
26-Jan-2016 09:45:31.180 INFO [main] org.apache.catalina.startup.VersionLoggerListener.log Command line argument: -Djava.util.logging.manager=org.apache.juli.ClassLoaderLogManager
26-Jan-2016 09:45:31.181 INFO [main] org.apache.catalina.startup.VersionLoggerListener.log Command line argument: -Djava.endorsed.dirs=/home/pi/apache-tomcat-8.0.24/endorsed
26-Jan-2016 09:45:31.182 INFO [main] org.apache.catalina.startup.VersionLoggerListener.log Command line argument: -Dcatalina.base=/home/pi/apache-tomcat-8.0.24
26-Jan-2016 09:45:31.182 INFO [main] org.apache.catalina.startup.VersionLoggerListener.log Command line argument: -Dcatalina.home=/home/pi/apache-tomcat-8.0.24
26-Jan-2016 09:45:31.183 INFO [main] org.apache.catalina.startup.VersionLoggerListener.log Command line argument: -Djava.io.tmpdir=/home/pi/apache-tomcat-8.0.24/temp
26-Jan-2016 09:45:31.184 INFO [main] org.apache.catalina.core.AprLifecycleListener.lifecycleEvent The APR based Apache Tomcat Native library which allows optimal performance in production environments was not found on the java.library.path: /usr/java/packages/lib/arm:/lib:/usr/lib
26-Jan-2016 09:45:32.221 INFO [main] org.apache.coyote.AbstractProtocol.init Initializing ProtocolHandler ["http-nio-8080"]
26-Jan-2016 09:45:32.428 INFO [main] org.apache.tomcat.util.net.NioSelectorPool.getSharedSelector Using a shared selector for servlet write/read
26-Jan-2016 09:45:32.445 INFO [main] org.apache.coyote.AbstractProtocol.init Initializing ProtocolHandler ["ajp-nio-8009"]
26-Jan-2016 09:45:32.472 INFO [main] org.apache.tomcat.util.net.NioSelectorPool.getSharedSelector Using a shared selector for servlet write/read
26-Jan-2016 09:45:32.473 INFO [main] org.apache.catalina.startup.Catalina.load Initialization processed in 4118 ms
26-Jan-2016 09:45:32.643 SEVERE [main] org.apache.tomcat.util.digester.Digester.fatalError Parse Fatal Error at line 40 column 2: The markup in the document following the root element must be well-formed.
 org.xml.sax.SAXParseException; lineNumber: 40; columnNumber: 2; The markup in the document following the root element must be well-formed.
	at com.sun.org.apache.xerces.internal.util.ErrorHandlerWrapper.createSAXParseException(ErrorHandlerWrapper.java:203)
	at com.sun.org.apache.xerces.internal.util.ErrorHandlerWrapper.fatalError(ErrorHandlerWrapper.java:177)
	at com.sun.org.apache.xerces.internal.impl.XMLErrorReporter.reportError(XMLErrorReporter.java:441)
	at com.sun.org.apache.xerces.internal.impl.XMLErrorReporter.reportError(XMLErrorReporter.java:368)
	at com.sun.org.apache.xerces.internal.impl.XMLScanner.reportFatalError(XMLScanner.java:1436)
	at com.sun.org.apache.xerces.internal.impl.XMLDocumentScannerImpl$TrailingMiscDriver.next(XMLDocumentScannerImpl.java:1397)
	at com.sun.org.apache.xerces.internal.impl.XMLDocumentScannerImpl.next(XMLDocumentScannerImpl.java:606)
	at com.sun.org.apache.xerces.internal.impl.XMLDocumentFragmentScannerImpl.scanDocument(XMLDocumentFragmentScannerImpl.java:510)
	at com.sun.org.apache.xerces.internal.parsers.XML11Configuration.parse(XML11Configuration.java:848)
	at com.sun.org.apache.xerces.internal.parsers.XML11Configuration.parse(XML11Configuration.java:777)
	at com.sun.org.apache.xerces.internal.parsers.XMLParser.parse(XMLParser.java:141)
	at com.sun.org.apache.xerces.internal.parsers.AbstractSAXParser.parse(AbstractSAXParser.java:1213)
	at com.sun.org.apache.xerces.internal.jaxp.SAXParserImpl$JAXPSAXParser.parse(SAXParserImpl.java:649)
	at org.apache.tomcat.util.digester.Digester.parse(Digester.java:1470)
	at org.apache.catalina.users.MemoryUserDatabase.open(MemoryUserDatabase.java:430)
	at org.apache.catalina.users.MemoryUserDatabaseFactory.getObjectInstance(MemoryUserDatabaseFactory.java:102)
	at org.apache.naming.factory.FactoryBase.getObjectInstance(FactoryBase.java:94)
	at javax.naming.spi.NamingManager.getObjectInstance(NamingManager.java:321)
	at org.apache.naming.NamingContext.lookup(NamingContext.java:841)
	at org.apache.naming.NamingContext.lookup(NamingContext.java:152)
	at org.apache.naming.NamingContextBindingsEnumeration.nextElementInternal(NamingContextBindingsEnumeration.java:117)
	at org.apache.naming.NamingContextBindingsEnumeration.next(NamingContextBindingsEnumeration.java:71)
	at org.apache.naming.NamingContextBindingsEnumeration.next(NamingContextBindingsEnumeration.java:34)
	at org.apache.catalina.mbeans.GlobalResourcesLifecycleListener.createMBeans(GlobalResourcesLifecycleListener.java:138)
	at org.apache.catalina.mbeans.GlobalResourcesLifecycleListener.createMBeans(GlobalResourcesLifecycleListener.java:110)
	at org.apache.catalina.mbeans.GlobalResourcesLifecycleListener.lifecycleEvent(GlobalResourcesLifecycleListener.java:82)
	at org.apache.catalina.util.LifecycleSupport.fireLifecycleEvent(LifecycleSupport.java:117)
	at org.apache.catalina.util.LifecycleBase.fireLifecycleEvent(LifecycleBase.java:90)
	at org.apache.catalina.util.LifecycleBase.setStateInternal(LifecycleBase.java:402)
	at org.apache.catalina.util.LifecycleBase.setState(LifecycleBase.java:347)
	at org.apache.catalina.core.StandardServer.startInternal(StandardServer.java:762)
	at org.apache.catalina.util.LifecycleBase.start(LifecycleBase.java:150)
	at org.apache.catalina.startup.Catalina.start(Catalina.java:625)
	at sun.reflect.NativeMethodAccessorImpl.invoke0(Native Method)
	at sun.reflect.NativeMethodAccessorImpl.invoke(NativeMethodAccessorImpl.java:62)
	at sun.reflect.DelegatingMethodAccessorImpl.invoke(DelegatingMethodAccessorImpl.java:43)
	at java.lang.reflect.Method.invoke(Method.java:483)
	at org.apache.catalina.startup.Bootstrap.start(Bootstrap.java:351)
	at org.apache.catalina.startup.Bootstrap.main(Bootstrap.java:485)

26-Jan-2016 09:45:32.654 WARNING [main] org.apache.naming.NamingContext.lookup Unexpected exception resolving reference
 org.xml.sax.SAXParseException; lineNumber: 40; columnNumber: 2; The markup in the document following the root element must be well-formed.
	at com.sun.org.apache.xerces.internal.parsers.AbstractSAXParser.parse(AbstractSAXParser.java:1239)
	at com.sun.org.apache.xerces.internal.jaxp.SAXParserImpl$JAXPSAXParser.parse(SAXParserImpl.java:649)
	at org.apache.tomcat.util.digester.Digester.parse(Digester.java:1470)
	at org.apache.catalina.users.MemoryUserDatabase.open(MemoryUserDatabase.java:430)
	at org.apache.catalina.users.MemoryUserDatabaseFactory.getObjectInstance(MemoryUserDatabaseFactory.java:102)
	at org.apache.naming.factory.FactoryBase.getObjectInstance(FactoryBase.java:94)
	at javax.naming.spi.NamingManager.getObjectInstance(NamingManager.java:321)
	at org.apache.naming.NamingContext.lookup(NamingContext.java:841)
	at org.apache.naming.NamingContext.lookup(NamingContext.java:152)
	at org.apache.naming.NamingContextBindingsEnumeration.nextElementInternal(NamingContextBindingsEnumeration.java:117)
	at org.apache.naming.NamingContextBindingsEnumeration.next(NamingContextBindingsEnumeration.java:71)
	at org.apache.naming.NamingContextBindingsEnumeration.next(NamingContextBindingsEnumeration.java:34)
	at org.apache.catalina.mbeans.GlobalResourcesLifecycleListener.createMBeans(GlobalResourcesLifecycleListener.java:138)
	at org.apache.catalina.mbeans.GlobalResourcesLifecycleListener.createMBeans(GlobalResourcesLifecycleListener.java:110)
	at org.apache.catalina.mbeans.GlobalResourcesLifecycleListener.lifecycleEvent(GlobalResourcesLifecycleListener.java:82)
	at org.apache.catalina.util.LifecycleSupport.fireLifecycleEvent(LifecycleSupport.java:117)
	at org.apache.catalina.util.LifecycleBase.fireLifecycleEvent(LifecycleBase.java:90)
	at org.apache.catalina.util.LifecycleBase.setStateInternal(LifecycleBase.java:402)
	at org.apache.catalina.util.LifecycleBase.setState(LifecycleBase.java:347)
	at org.apache.catalina.core.StandardServer.startInternal(StandardServer.java:762)
	at org.apache.catalina.util.LifecycleBase.start(LifecycleBase.java:150)
	at org.apache.catalina.startup.Catalina.start(Catalina.java:625)
	at sun.reflect.NativeMethodAccessorImpl.invoke0(Native Method)
	at sun.reflect.NativeMethodAccessorImpl.invoke(NativeMethodAccessorImpl.java:62)
	at sun.reflect.DelegatingMethodAccessorImpl.invoke(DelegatingMethodAccessorImpl.java:43)
	at java.lang.reflect.Method.invoke(Method.java:483)
	at org.apache.catalina.startup.Bootstrap.start(Bootstrap.java:351)
	at org.apache.catalina.startup.Bootstrap.main(Bootstrap.java:485)

26-Jan-2016 09:45:32.683 SEVERE [main] org.apache.catalina.mbeans.GlobalResourcesLifecycleListener.createMBeans Exception processing Global JNDI Resources
 javax.naming.NamingException: The markup in the document following the root element must be well-formed.
	at org.apache.naming.NamingContext.lookup(NamingContext.java:858)
	at org.apache.naming.NamingContext.lookup(NamingContext.java:152)
	at org.apache.naming.NamingContextBindingsEnumeration.nextElementInternal(NamingContextBindingsEnumeration.java:117)
	at org.apache.naming.NamingContextBindingsEnumeration.next(NamingContextBindingsEnumeration.java:71)
	at org.apache.naming.NamingContextBindingsEnumeration.next(NamingContextBindingsEnumeration.java:34)
	at org.apache.catalina.mbeans.GlobalResourcesLifecycleListener.createMBeans(GlobalResourcesLifecycleListener.java:138)
	at org.apache.catalina.mbeans.GlobalResourcesLifecycleListener.createMBeans(GlobalResourcesLifecycleListener.java:110)
	at org.apache.catalina.mbeans.GlobalResourcesLifecycleListener.lifecycleEvent(GlobalResourcesLifecycleListener.java:82)
	at org.apache.catalina.util.LifecycleSupport.fireLifecycleEvent(LifecycleSupport.java:117)
	at org.apache.catalina.util.LifecycleBase.fireLifecycleEvent(LifecycleBase.java:90)
	at org.apache.catalina.util.LifecycleBase.setStateInternal(LifecycleBase.java:402)
	at org.apache.catalina.util.LifecycleBase.setState(LifecycleBase.java:347)
	at org.apache.catalina.core.StandardServer.startInternal(StandardServer.java:762)
	at org.apache.catalina.util.LifecycleBase.start(LifecycleBase.java:150)
	at org.apache.catalina.startup.Catalina.start(Catalina.java:625)
	at sun.reflect.NativeMethodAccessorImpl.invoke0(Native Method)
	at sun.reflect.NativeMethodAccessorImpl.invoke(NativeMethodAccessorImpl.java:62)
	at sun.reflect.DelegatingMethodAccessorImpl.invoke(DelegatingMethodAccessorImpl.java:43)
	at java.lang.reflect.Method.invoke(Method.java:483)
	at org.apache.catalina.startup.Bootstrap.start(Bootstrap.java:351)
	at org.apache.catalina.startup.Bootstrap.main(Bootstrap.java:485)

26-Jan-2016 09:45:32.686 INFO [main] org.apache.catalina.core.StandardService.startInternal Starting service Catalina
26-Jan-2016 09:45:32.687 INFO [main] org.apache.catalina.core.StandardEngine.startInternal Starting Servlet Engine: Apache Tomcat/8.0.24
26-Jan-2016 09:45:32.707 SEVERE [main] org.apache.tomcat.util.digester.Digester.fatalError Parse Fatal Error at line 40 column 2: The markup in the document following the root element must be well-formed.
 org.xml.sax.SAXParseException; lineNumber: 40; columnNumber: 2; The markup in the document following the root element must be well-formed.
	at com.sun.org.apache.xerces.internal.util.ErrorHandlerWrapper.createSAXParseException(ErrorHandlerWrapper.java:203)
	at com.sun.org.apache.xerces.internal.util.ErrorHandlerWrapper.fatalError(ErrorHandlerWrapper.java:177)
	at com.sun.org.apache.xerces.internal.impl.XMLErrorReporter.reportError(XMLErrorReporter.java:441)
	at com.sun.org.apache.xerces.internal.impl.XMLErrorReporter.reportError(XMLErrorReporter.java:368)
	at com.sun.org.apache.xerces.internal.impl.XMLScanner.reportFatalError(XMLScanner.java:1436)
	at com.sun.org.apache.xerces.internal.impl.XMLDocumentScannerImpl$TrailingMiscDriver.next(XMLDocumentScannerImpl.java:1397)
	at com.sun.org.apache.xerces.internal.impl.XMLDocumentScannerImpl.next(XMLDocumentScannerImpl.java:606)
	at com.sun.org.apache.xerces.internal.impl.XMLDocumentFragmentScannerImpl.scanDocument(XMLDocumentFragmentScannerImpl.java:510)
	at com.sun.org.apache.xerces.internal.parsers.XML11Configuration.parse(XML11Configuration.java:848)
	at com.sun.org.apache.xerces.internal.parsers.XML11Configuration.parse(XML11Configuration.java:777)
	at com.sun.org.apache.xerces.internal.parsers.XMLParser.parse(XMLParser.java:141)
	at com.sun.org.apache.xerces.internal.parsers.AbstractSAXParser.parse(AbstractSAXParser.java:1213)
	at com.sun.org.apache.xerces.internal.jaxp.SAXParserImpl$JAXPSAXParser.parse(SAXParserImpl.java:649)
	at org.apache.tomcat.util.digester.Digester.parse(Digester.java:1470)
	at org.apache.catalina.users.MemoryUserDatabase.open(MemoryUserDatabase.java:430)
	at org.apache.catalina.users.MemoryUserDatabaseFactory.getObjectInstance(MemoryUserDatabaseFactory.java:102)
	at org.apache.naming.factory.FactoryBase.getObjectInstance(FactoryBase.java:94)
	at javax.naming.spi.NamingManager.getObjectInstance(NamingManager.java:321)
	at org.apache.naming.NamingContext.lookup(NamingContext.java:841)
	at org.apache.naming.NamingContext.lookup(NamingContext.java:166)
	at org.apache.catalina.realm.UserDatabaseRealm.startInternal(UserDatabaseRealm.java:232)
	at org.apache.catalina.util.LifecycleBase.start(LifecycleBase.java:150)
	at org.apache.catalina.realm.CombinedRealm.startInternal(CombinedRealm.java:249)
	at org.apache.catalina.realm.LockOutRealm.startInternal(LockOutRealm.java:120)
	at org.apache.catalina.util.LifecycleBase.start(LifecycleBase.java:150)
	at org.apache.catalina.core.ContainerBase.startInternal(ContainerBase.java:904)
	at org.apache.catalina.core.StandardEngine.startInternal(StandardEngine.java:262)
	at org.apache.catalina.util.LifecycleBase.start(LifecycleBase.java:150)
	at org.apache.catalina.core.StandardService.startInternal(StandardService.java:439)
	at org.apache.catalina.util.LifecycleBase.start(LifecycleBase.java:150)
	at org.apache.catalina.core.StandardServer.startInternal(StandardServer.java:769)
	at org.apache.catalina.util.LifecycleBase.start(LifecycleBase.java:150)
	at org.apache.catalina.startup.Catalina.start(Catalina.java:625)
	at sun.reflect.NativeMethodAccessorImpl.invoke0(Native Method)
	at sun.reflect.NativeMethodAccessorImpl.invoke(NativeMethodAccessorImpl.java:62)
	at sun.reflect.DelegatingMethodAccessorImpl.invoke(DelegatingMethodAccessorImpl.java:43)
	at java.lang.reflect.Method.invoke(Method.java:483)
	at org.apache.catalina.startup.Bootstrap.start(Bootstrap.java:351)
	at org.apache.catalina.startup.Bootstrap.main(Bootstrap.java:485)

26-Jan-2016 09:45:32.711 WARNING [main] org.apache.naming.NamingContext.lookup Unexpected exception resolving reference
 org.xml.sax.SAXParseException; lineNumber: 40; columnNumber: 2; The markup in the document following the root element must be well-formed.
	at com.sun.org.apache.xerces.internal.parsers.AbstractSAXParser.parse(AbstractSAXParser.java:1239)
	at com.sun.org.apache.xerces.internal.jaxp.SAXParserImpl$JAXPSAXParser.parse(SAXParserImpl.java:649)
	at org.apache.tomcat.util.digester.Digester.parse(Digester.java:1470)
	at org.apache.catalina.users.MemoryUserDatabase.open(MemoryUserDatabase.java:430)
	at org.apache.catalina.users.MemoryUserDatabaseFactory.getObjectInstance(MemoryUserDatabaseFactory.java:102)
	at org.apache.naming.factory.FactoryBase.getObjectInstance(FactoryBase.java:94)
	at javax.naming.spi.NamingManager.getObjectInstance(NamingManager.java:321)
	at org.apache.naming.NamingContext.lookup(NamingContext.java:841)
	at org.apache.naming.NamingContext.lookup(NamingContext.java:166)
	at org.apache.catalina.realm.UserDatabaseRealm.startInternal(UserDatabaseRealm.java:232)
	at org.apache.catalina.util.LifecycleBase.start(LifecycleBase.java:150)
	at org.apache.catalina.realm.CombinedRealm.startInternal(CombinedRealm.java:249)
	at org.apache.catalina.realm.LockOutRealm.startInternal(LockOutRealm.java:120)
	at org.apache.catalina.util.LifecycleBase.start(LifecycleBase.java:150)
	at org.apache.catalina.core.ContainerBase.startInternal(ContainerBase.java:904)
	at org.apache.catalina.core.StandardEngine.startInternal(StandardEngine.java:262)
	at org.apache.catalina.util.LifecycleBase.start(LifecycleBase.java:150)
	at org.apache.catalina.core.StandardService.startInternal(StandardService.java:439)
	at org.apache.catalina.util.LifecycleBase.start(LifecycleBase.java:150)
	at org.apache.catalina.core.StandardServer.startInternal(StandardServer.java:769)
	at org.apache.catalina.util.LifecycleBase.start(LifecycleBase.java:150)
	at org.apache.catalina.startup.Catalina.start(Catalina.java:625)
	at sun.reflect.NativeMethodAccessorImpl.invoke0(Native Method)
	at sun.reflect.NativeMethodAccessorImpl.invoke(NativeMethodAccessorImpl.java:62)
	at sun.reflect.DelegatingMethodAccessorImpl.invoke(DelegatingMethodAccessorImpl.java:43)
	at java.lang.reflect.Method.invoke(Method.java:483)
	at org.apache.catalina.startup.Bootstrap.start(Bootstrap.java:351)
	at org.apache.catalina.startup.Bootstrap.main(Bootstrap.java:485)

26-Jan-2016 09:45:32.716 SEVERE [main] org.apache.catalina.realm.UserDatabaseRealm.startInternal Exception looking up UserDatabase under key UserDatabase
 javax.naming.NamingException: The markup in the document following the root element must be well-formed.
	at org.apache.naming.NamingContext.lookup(NamingContext.java:858)
	at org.apache.naming.NamingContext.lookup(NamingContext.java:166)
	at org.apache.catalina.realm.UserDatabaseRealm.startInternal(UserDatabaseRealm.java:232)
	at org.apache.catalina.util.LifecycleBase.start(LifecycleBase.java:150)
	at org.apache.catalina.realm.CombinedRealm.startInternal(CombinedRealm.java:249)
	at org.apache.catalina.realm.LockOutRealm.startInternal(LockOutRealm.java:120)
	at org.apache.catalina.util.LifecycleBase.start(LifecycleBase.java:150)
	at org.apache.catalina.core.ContainerBase.startInternal(ContainerBase.java:904)
	at org.apache.catalina.core.StandardEngine.startInternal(StandardEngine.java:262)
	at org.apache.catalina.util.LifecycleBase.start(LifecycleBase.java:150)
	at org.apache.catalina.core.StandardService.startInternal(StandardService.java:439)
	at org.apache.catalina.util.LifecycleBase.start(LifecycleBase.java:150)
	at org.apache.catalina.core.StandardServer.startInternal(StandardServer.java:769)
	at org.apache.catalina.util.LifecycleBase.start(LifecycleBase.java:150)
	at org.apache.catalina.startup.Catalina.start(Catalina.java:625)
	at sun.reflect.NativeMethodAccessorImpl.invoke0(Native Method)
	at sun.reflect.NativeMethodAccessorImpl.invoke(NativeMethodAccessorImpl.java:62)
	at sun.reflect.DelegatingMethodAccessorImpl.invoke(DelegatingMethodAccessorImpl.java:43)
	at java.lang.reflect.Method.invoke(Method.java:483)
	at org.apache.catalina.startup.Bootstrap.start(Bootstrap.java:351)
	at org.apache.catalina.startup.Bootstrap.main(Bootstrap.java:485)

26-Jan-2016 09:45:32.719 SEVERE [main] org.apache.catalina.realm.CombinedRealm.startInternal Failed to start "org.apache.catalina.realm.UserDatabaseRealm" realm
 org.apache.catalina.LifecycleException: Failed to start component [Realm[UserDatabaseRealm]]
	at org.apache.catalina.util.LifecycleBase.start(LifecycleBase.java:154)
	at org.apache.catalina.realm.CombinedRealm.startInternal(CombinedRealm.java:249)
	at org.apache.catalina.realm.LockOutRealm.startInternal(LockOutRealm.java:120)
	at org.apache.catalina.util.LifecycleBase.start(LifecycleBase.java:150)
	at org.apache.catalina.core.ContainerBase.startInternal(ContainerBase.java:904)
	at org.apache.catalina.core.StandardEngine.startInternal(StandardEngine.java:262)
	at org.apache.catalina.util.LifecycleBase.start(LifecycleBase.java:150)
	at org.apache.catalina.core.StandardService.startInternal(StandardService.java:439)
	at org.apache.catalina.util.LifecycleBase.start(LifecycleBase.java:150)
	at org.apache.catalina.core.StandardServer.startInternal(StandardServer.java:769)
	at org.apache.catalina.util.LifecycleBase.start(LifecycleBase.java:150)
	at org.apache.catalina.startup.Catalina.start(Catalina.java:625)
	at sun.reflect.NativeMethodAccessorImpl.invoke0(Native Method)
	at sun.reflect.NativeMethodAccessorImpl.invoke(NativeMethodAccessorImpl.java:62)
	at sun.reflect.DelegatingMethodAccessorImpl.invoke(DelegatingMethodAccessorImpl.java:43)
	at java.lang.reflect.Method.invoke(Method.java:483)
	at org.apache.catalina.startup.Bootstrap.start(Bootstrap.java:351)
	at org.apache.catalina.startup.Bootstrap.main(Bootstrap.java:485)
Caused by: org.apache.catalina.LifecycleException: No UserDatabase component found under key UserDatabase
	at org.apache.catalina.realm.UserDatabaseRealm.startInternal(UserDatabaseRealm.java:241)
	at org.apache.catalina.util.LifecycleBase.start(LifecycleBase.java:150)
	... 17 more

26-Jan-2016 09:45:32.772 INFO [localhost-startStop-1] org.apache.catalina.startup.HostConfig.deployDirectory Deploying web application directory /home/pi/apache-tomcat-8.0.24/webapps/host-manager
26-Jan-2016 09:45:34.925 INFO [localhost-startStop-1] org.apache.jasper.servlet.TldScanner.scanJars At least one JAR was scanned for TLDs yet contained no TLDs. Enable debug logging for this logger for a complete list of JARs that were scanned but no TLDs were found in them. Skipping unneeded JARs during scanning can improve startup time and JSP compilation time.
26-Jan-2016 09:45:35.231 INFO [localhost-startStop-1] org.apache.catalina.startup.HostConfig.deployDirectory Deployment of web application directory /home/pi/apache-tomcat-8.0.24/webapps/host-manager has finished in 2,454 ms
26-Jan-2016 09:45:35.233 INFO [localhost-startStop-1] org.apache.catalina.startup.HostConfig.deployDirectory Deploying web application directory /home/pi/apache-tomcat-8.0.24/webapps/IOT
26-Jan-2016 09:45:36.042 INFO [localhost-startStop-1] org.apache.jasper.servlet.TldScanner.scanJars At least one JAR was scanned for TLDs yet contained no TLDs. Enable debug logging for this logger for a complete list of JARs that were scanned but no TLDs were found in them. Skipping unneeded JARs during scanning can improve startup time and JSP compilation time.
26-Jan-2016 09:45:36.154 INFO [localhost-startStop-1] org.apache.catalina.startup.HostConfig.deployDirectory Deployment of web application directory /home/pi/apache-tomcat-8.0.24/webapps/IOT has finished in 920 ms
26-Jan-2016 09:45:36.155 INFO [localhost-startStop-1] org.apache.catalina.startup.HostConfig.deployDirectory Deploying web application directory /home/pi/apache-tomcat-8.0.24/webapps/ROOT
26-Jan-2016 09:45:36.565 INFO [localhost-startStop-1] org.apache.jasper.servlet.TldScanner.scanJars At least one JAR was scanned for TLDs yet contained no TLDs. Enable debug logging for this logger for a complete list of JARs that were scanned but no TLDs were found in them. Skipping unneeded JARs during scanning can improve startup time and JSP compilation time.
26-Jan-2016 09:45:36.684 INFO [localhost-startStop-1] org.apache.catalina.startup.HostConfig.deployDirectory Deployment of web application directory /home/pi/apache-tomcat-8.0.24/webapps/ROOT has finished in 529 ms
26-Jan-2016 09:45:36.685 INFO [localhost-startStop-1] org.apache.catalina.startup.HostConfig.deployDirectory Deploying web application directory /home/pi/apache-tomcat-8.0.24/webapps/manager
26-Jan-2016 09:45:37.198 INFO [localhost-startStop-1] org.apache.jasper.servlet.TldScanner.scanJars At least one JAR was scanned for TLDs yet contained no TLDs. Enable debug logging for this logger for a complete list of JARs that were scanned but no TLDs were found in them. Skipping unneeded JARs during scanning can improve startup time and JSP compilation time.
26-Jan-2016 09:45:37.210 INFO [localhost-startStop-1] org.apache.catalina.startup.HostConfig.deployDirectory Deployment of web application directory /home/pi/apache-tomcat-8.0.24/webapps/manager has finished in 525 ms
26-Jan-2016 09:45:37.211 INFO [localhost-startStop-1] org.apache.catalina.startup.HostConfig.deployDirectory Deploying web application directory /home/pi/apache-tomcat-8.0.24/webapps/examples
26-Jan-2016 09:45:38.809 INFO [localhost-startStop-1] org.apache.jasper.servlet.TldScanner.scanJars At least one JAR was scanned for TLDs yet contained no TLDs. Enable debug logging for this logger for a complete list of JARs that were scanned but no TLDs were found in them. Skipping unneeded JARs during scanning can improve startup time and JSP compilation time.
26-Jan-2016 09:45:38.889 INFO [localhost-startStop-1] org.apache.catalina.startup.HostConfig.deployDirectory Deployment of web application directory /home/pi/apache-tomcat-8.0.24/webapps/examples has finished in 1,678 ms
26-Jan-2016 09:45:38.890 INFO [localhost-startStop-1] org.apache.catalina.startup.HostConfig.deployDirectory Deploying web application directory /home/pi/apache-tomcat-8.0.24/webapps/docs
26-Jan-2016 09:45:39.277 INFO [localhost-startStop-1] org.apache.jasper.servlet.TldScanner.scanJars At least one JAR was scanned for TLDs yet contained no TLDs. Enable debug logging for this logger for a complete list of JARs that were scanned but no TLDs were found in them. Skipping unneeded JARs during scanning can improve startup time and JSP compilation time.
26-Jan-2016 09:45:39.286 INFO [localhost-startStop-1] org.apache.catalina.startup.HostConfig.deployDirectory Deployment of web application directory /home/pi/apache-tomcat-8.0.24/webapps/docs has finished in 397 ms
26-Jan-2016 09:45:39.308 INFO [main] org.apache.coyote.AbstractProtocol.start Starting ProtocolHandler ["http-nio-8080"]
26-Jan-2016 09:45:39.347 INFO [main] org.apache.coyote.AbstractProtocol.start Starting ProtocolHandler ["ajp-nio-8009"]
26-Jan-2016 09:45:39.350 INFO [main] org.apache.catalina.startup.Catalina.start Server startup in 6876 ms
