01-Mar-2016 14:26:48.435 INFO [main] org.apache.catalina.startup.VersionLoggerListener.log Server version:        Apache Tomcat/8.0.24
01-Mar-2016 14:26:48.446 INFO [main] org.apache.catalina.startup.VersionLoggerListener.log Server built:          Jul 1 2015 20:19:55 UTC
01-Mar-2016 14:26:48.447 INFO [main] org.apache.catalina.startup.VersionLoggerListener.log Server number:         8.0.24.0
01-Mar-2016 14:26:48.448 INFO [main] org.apache.catalina.startup.VersionLoggerListener.log OS Name:               Linux
01-Mar-2016 14:26:48.448 INFO [main] org.apache.catalina.startup.VersionLoggerListener.log OS Version:            4.1.13-v7+
01-Mar-2016 14:26:48.449 INFO [main] org.apache.catalina.startup.VersionLoggerListener.log Architecture:          arm
01-Mar-2016 14:26:48.450 INFO [main] org.apache.catalina.startup.VersionLoggerListener.log Java Home:             /usr/lib/jvm/jdk-8-oracle-arm-vfp-hflt/jre
01-Mar-2016 14:26:48.456 INFO [main] org.apache.catalina.startup.VersionLoggerListener.log JVM Version:           1.8.0-b132
01-Mar-2016 14:26:48.457 INFO [main] org.apache.catalina.startup.VersionLoggerListener.log JVM Vendor:            Oracle Corporation
01-Mar-2016 14:26:48.458 INFO [main] org.apache.catalina.startup.VersionLoggerListener.log CATALINA_BASE:         /home/pi/apache-tomcat-8.0.24
01-Mar-2016 14:26:48.459 INFO [main] org.apache.catalina.startup.VersionLoggerListener.log CATALINA_HOME:         /home/pi/apache-tomcat-8.0.24
01-Mar-2016 14:26:48.461 INFO [main] org.apache.catalina.startup.VersionLoggerListener.log Command line argument: -Djava.util.logging.config.file=/home/pi/apache-tomcat-8.0.24/conf/logging.properties
01-Mar-2016 14:26:48.461 INFO [main] org.apache.catalina.startup.VersionLoggerListener.log Command line argument: -Djava.util.logging.manager=org.apache.juli.ClassLoaderLogManager
01-Mar-2016 14:26:48.462 INFO [main] org.apache.catalina.startup.VersionLoggerListener.log Command line argument: -Djava.endorsed.dirs=/home/pi/apache-tomcat-8.0.24/endorsed
01-Mar-2016 14:26:48.463 INFO [main] org.apache.catalina.startup.VersionLoggerListener.log Command line argument: -Dcatalina.base=/home/pi/apache-tomcat-8.0.24
01-Mar-2016 14:26:48.464 INFO [main] org.apache.catalina.startup.VersionLoggerListener.log Command line argument: -Dcatalina.home=/home/pi/apache-tomcat-8.0.24
01-Mar-2016 14:26:48.465 INFO [main] org.apache.catalina.startup.VersionLoggerListener.log Command line argument: -Djava.io.tmpdir=/home/pi/apache-tomcat-8.0.24/temp
01-Mar-2016 14:26:48.465 INFO [main] org.apache.catalina.core.AprLifecycleListener.lifecycleEvent The APR based Apache Tomcat Native library which allows optimal performance in production environments was not found on the java.library.path: /usr/java/packages/lib/arm:/lib:/usr/lib
01-Mar-2016 14:26:49.533 INFO [main] org.apache.coyote.AbstractProtocol.init Initializing ProtocolHandler ["http-nio-8080"]
01-Mar-2016 14:26:49.744 INFO [main] org.apache.tomcat.util.net.NioSelectorPool.getSharedSelector Using a shared selector for servlet write/read
01-Mar-2016 14:26:49.761 INFO [main] org.apache.coyote.AbstractProtocol.init Initializing ProtocolHandler ["ajp-nio-8009"]
01-Mar-2016 14:26:49.787 INFO [main] org.apache.tomcat.util.net.NioSelectorPool.getSharedSelector Using a shared selector for servlet write/read
01-Mar-2016 14:26:49.790 INFO [main] org.apache.coyote.AbstractProtocol.init Initializing ProtocolHandler ["http-nio-8443"]
01-Mar-2016 14:26:51.466 INFO [main] org.apache.tomcat.util.net.NioSelectorPool.getSharedSelector Using a shared selector for servlet write/read
01-Mar-2016 14:26:51.468 INFO [main] org.apache.catalina.startup.Catalina.load Initialization processed in 5867 ms
01-Mar-2016 14:26:51.646 SEVERE [main] org.apache.tomcat.util.digester.Digester.fatalError Parse Fatal Error at line 40 column 2: The markup in the document following the root element must be well-formed.
 org.xml.sax.SAXParseException; lineNumber: 40; columnNumber: 2; The markup in the document following the root element must be well-formed.
	at com.sun.org.apache.xerces.internal.util.ErrorHandlerWrapper.createSAXParseException(ErrorHandlerWrapper.java:203)
	at com.sun.org.apache.xerces.internal.util.ErrorHandlerWrapper.fatalError(ErrorHandlerWrapper.java:177)
	at com.sun.org.apache.xerces.internal.impl.XMLErrorReporter.reportError(XMLErrorReporter.java:441)
	at com.sun.org.apache.xerces.internal.impl.XMLErrorReporter.reportError(XMLErrorReporter.java:368)
	at com.sun.org.apache.xerces.internal.impl.XMLScanner.reportFatalError(XMLScanner.java:1436)
	at com.sun.org.apache.xerces.internal.impl.XMLDocumentScannerImpl$TrailingMiscDriver.next(XMLDocumentScannerImpl.java:1397)
	at com.sun.org.apache.xerces.internal.impl.XMLDocumentScannerImpl.next(XMLDocumentScannerImpl.java:606)
	at com.sun.org.apache.xerces.internal.impl.XMLDocumentFragmentScannerImpl.scanDocument(XMLDocumentFragmentScannerImpl.java:510)
	at com.sun.org.apache.xerces.internal.parsers.XML11Configuration.parse(XML11Configuration.java:848)
	at com.sun.org.apache.xerces.internal.parsers.XML11Configuration.parse(XML11Configuration.java:777)
	at com.sun.org.apache.xerces.internal.parsers.XMLParser.parse(XMLParser.java:141)
	at com.sun.org.apache.xerces.internal.parsers.AbstractSAXParser.parse(AbstractSAXParser.java:1213)
	at com.sun.org.apache.xerces.internal.jaxp.SAXParserImpl$JAXPSAXParser.parse(SAXParserImpl.java:649)
	at org.apache.tomcat.util.digester.Digester.parse(Digester.java:1470)
	at org.apache.catalina.users.MemoryUserDatabase.open(MemoryUserDatabase.java:430)
	at org.apache.catalina.users.MemoryUserDatabaseFactory.getObjectInstance(MemoryUserDatabaseFactory.java:102)
	at org.apache.naming.factory.FactoryBase.getObjectInstance(FactoryBase.java:94)
	at javax.naming.spi.NamingManager.getObjectInstance(NamingManager.java:321)
	at org.apache.naming.NamingContext.lookup(NamingContext.java:841)
	at org.apache.naming.NamingContext.lookup(NamingContext.java:152)
	at org.apache.naming.NamingContextBindingsEnumeration.nextElementInternal(NamingContextBindingsEnumeration.java:117)
	at org.apache.naming.NamingContextBindingsEnumeration.next(NamingContextBindingsEnumeration.java:71)
	at org.apache.naming.NamingContextBindingsEnumeration.next(NamingContextBindingsEnumeration.java:34)
	at org.apache.catalina.mbeans.GlobalResourcesLifecycleListener.createMBeans(GlobalResourcesLifecycleListener.java:138)
	at org.apache.catalina.mbeans.GlobalResourcesLifecycleListener.createMBeans(GlobalResourcesLifecycleListener.java:110)
	at org.apache.catalina.mbeans.GlobalResourcesLifecycleListener.lifecycleEvent(GlobalResourcesLifecycleListener.java:82)
	at org.apache.catalina.util.LifecycleSupport.fireLifecycleEvent(LifecycleSupport.java:117)
	at org.apache.catalina.util.LifecycleBase.fireLifecycleEvent(LifecycleBase.java:90)
	at org.apache.catalina.util.LifecycleBase.setStateInternal(LifecycleBase.java:402)
	at org.apache.catalina.util.LifecycleBase.setState(LifecycleBase.java:347)
	at org.apache.catalina.core.StandardServer.startInternal(StandardServer.java:762)
	at org.apache.catalina.util.LifecycleBase.start(LifecycleBase.java:150)
	at org.apache.catalina.startup.Catalina.start(Catalina.java:625)
	at sun.reflect.NativeMethodAccessorImpl.invoke0(Native Method)
	at sun.reflect.NativeMethodAccessorImpl.invoke(NativeMethodAccessorImpl.java:62)
	at sun.reflect.DelegatingMethodAccessorImpl.invoke(DelegatingMethodAccessorImpl.java:43)
	at java.lang.reflect.Method.invoke(Method.java:483)
	at org.apache.catalina.startup.Bootstrap.start(Bootstrap.java:351)
	at org.apache.catalina.startup.Bootstrap.main(Bootstrap.java:485)

01-Mar-2016 14:26:51.656 WARNING [main] org.apache.naming.NamingContext.lookup Unexpected exception resolving reference
 org.xml.sax.SAXParseException; lineNumber: 40; columnNumber: 2; The markup in the document following the root element must be well-formed.
	at com.sun.org.apache.xerces.internal.parsers.AbstractSAXParser.parse(AbstractSAXParser.java:1239)
	at com.sun.org.apache.xerces.internal.jaxp.SAXParserImpl$JAXPSAXParser.parse(SAXParserImpl.java:649)
	at org.apache.tomcat.util.digester.Digester.parse(Digester.java:1470)
	at org.apache.catalina.users.MemoryUserDatabase.open(MemoryUserDatabase.java:430)
	at org.apache.catalina.users.MemoryUserDatabaseFactory.getObjectInstance(MemoryUserDatabaseFactory.java:102)
	at org.apache.naming.factory.FactoryBase.getObjectInstance(FactoryBase.java:94)
	at javax.naming.spi.NamingManager.getObjectInstance(NamingManager.java:321)
	at org.apache.naming.NamingContext.lookup(NamingContext.java:841)
	at org.apache.naming.NamingContext.lookup(NamingContext.java:152)
	at org.apache.naming.NamingContextBindingsEnumeration.nextElementInternal(NamingContextBindingsEnumeration.java:117)
	at org.apache.naming.NamingContextBindingsEnumeration.next(NamingContextBindingsEnumeration.java:71)
	at org.apache.naming.NamingContextBindingsEnumeration.next(NamingContextBindingsEnumeration.java:34)
	at org.apache.catalina.mbeans.GlobalResourcesLifecycleListener.createMBeans(GlobalResourcesLifecycleListener.java:138)
	at org.apache.catalina.mbeans.GlobalResourcesLifecycleListener.createMBeans(GlobalResourcesLifecycleListener.java:110)
	at org.apache.catalina.mbeans.GlobalResourcesLifecycleListener.lifecycleEvent(GlobalResourcesLifecycleListener.java:82)
	at org.apache.catalina.util.LifecycleSupport.fireLifecycleEvent(LifecycleSupport.java:117)
	at org.apache.catalina.util.LifecycleBase.fireLifecycleEvent(LifecycleBase.java:90)
	at org.apache.catalina.util.LifecycleBase.setStateInternal(LifecycleBase.java:402)
	at org.apache.catalina.util.LifecycleBase.setState(LifecycleBase.java:347)
	at org.apache.catalina.core.StandardServer.startInternal(StandardServer.java:762)
	at org.apache.catalina.util.LifecycleBase.start(LifecycleBase.java:150)
	at org.apache.catalina.startup.Catalina.start(Catalina.java:625)
	at sun.reflect.NativeMethodAccessorImpl.invoke0(Native Method)
	at sun.reflect.NativeMethodAccessorImpl.invoke(NativeMethodAccessorImpl.java:62)
	at sun.reflect.DelegatingMethodAccessorImpl.invoke(DelegatingMethodAccessorImpl.java:43)
	at java.lang.reflect.Method.invoke(Method.java:483)
	at org.apache.catalina.startup.Bootstrap.start(Bootstrap.java:351)
	at org.apache.catalina.startup.Bootstrap.main(Bootstrap.java:485)

01-Mar-2016 14:26:51.658 SEVERE [main] org.apache.catalina.mbeans.GlobalResourcesLifecycleListener.createMBeans Exception processing Global JNDI Resources
 javax.naming.NamingException: The markup in the document following the root element must be well-formed.
	at org.apache.naming.NamingContext.lookup(NamingContext.java:858)
	at org.apache.naming.NamingContext.lookup(NamingContext.java:152)
	at org.apache.naming.NamingContextBindingsEnumeration.nextElementInternal(NamingContextBindingsEnumeration.java:117)
	at org.apache.naming.NamingContextBindingsEnumeration.next(NamingContextBindingsEnumeration.java:71)
	at org.apache.naming.NamingContextBindingsEnumeration.next(NamingContextBindingsEnumeration.java:34)
	at org.apache.catalina.mbeans.GlobalResourcesLifecycleListener.createMBeans(GlobalResourcesLifecycleListener.java:138)
	at org.apache.catalina.mbeans.GlobalResourcesLifecycleListener.createMBeans(GlobalResourcesLifecycleListener.java:110)
	at org.apache.catalina.mbeans.GlobalResourcesLifecycleListener.lifecycleEvent(GlobalResourcesLifecycleListener.java:82)
	at org.apache.catalina.util.LifecycleSupport.fireLifecycleEvent(LifecycleSupport.java:117)
	at org.apache.catalina.util.LifecycleBase.fireLifecycleEvent(LifecycleBase.java:90)
	at org.apache.catalina.util.LifecycleBase.setStateInternal(LifecycleBase.java:402)
	at org.apache.catalina.util.LifecycleBase.setState(LifecycleBase.java:347)
	at org.apache.catalina.core.StandardServer.startInternal(StandardServer.java:762)
	at org.apache.catalina.util.LifecycleBase.start(LifecycleBase.java:150)
	at org.apache.catalina.startup.Catalina.start(Catalina.java:625)
	at sun.reflect.NativeMethodAccessorImpl.invoke0(Native Method)
	at sun.reflect.NativeMethodAccessorImpl.invoke(NativeMethodAccessorImpl.java:62)
	at sun.reflect.DelegatingMethodAccessorImpl.invoke(DelegatingMethodAccessorImpl.java:43)
	at java.lang.reflect.Method.invoke(Method.java:483)
	at org.apache.catalina.startup.Bootstrap.start(Bootstrap.java:351)
	at org.apache.catalina.startup.Bootstrap.main(Bootstrap.java:485)

01-Mar-2016 14:26:51.661 INFO [main] org.apache.catalina.core.StandardService.startInternal Starting service Catalina
01-Mar-2016 14:26:51.662 INFO [main] org.apache.catalina.core.StandardEngine.startInternal Starting Servlet Engine: Apache Tomcat/8.0.24
01-Mar-2016 14:26:51.681 SEVERE [main] org.apache.tomcat.util.digester.Digester.fatalError Parse Fatal Error at line 40 column 2: The markup in the document following the root element must be well-formed.
 org.xml.sax.SAXParseException; lineNumber: 40; columnNumber: 2; The markup in the document following the root element must be well-formed.
	at com.sun.org.apache.xerces.internal.util.ErrorHandlerWrapper.createSAXParseException(ErrorHandlerWrapper.java:203)
	at com.sun.org.apache.xerces.internal.util.ErrorHandlerWrapper.fatalError(ErrorHandlerWrapper.java:177)
	at com.sun.org.apache.xerces.internal.impl.XMLErrorReporter.reportError(XMLErrorReporter.java:441)
	at com.sun.org.apache.xerces.internal.impl.XMLErrorReporter.reportError(XMLErrorReporter.java:368)
	at com.sun.org.apache.xerces.internal.impl.XMLScanner.reportFatalError(XMLScanner.java:1436)
	at com.sun.org.apache.xerces.internal.impl.XMLDocumentScannerImpl$TrailingMiscDriver.next(XMLDocumentScannerImpl.java:1397)
	at com.sun.org.apache.xerces.internal.impl.XMLDocumentScannerImpl.next(XMLDocumentScannerImpl.java:606)
	at com.sun.org.apache.xerces.internal.impl.XMLDocumentFragmentScannerImpl.scanDocument(XMLDocumentFragmentScannerImpl.java:510)
	at com.sun.org.apache.xerces.internal.parsers.XML11Configuration.parse(XML11Configuration.java:848)
	at com.sun.org.apache.xerces.internal.parsers.XML11Configuration.parse(XML11Configuration.java:777)
	at com.sun.org.apache.xerces.internal.parsers.XMLParser.parse(XMLParser.java:141)
	at com.sun.org.apache.xerces.internal.parsers.AbstractSAXParser.parse(AbstractSAXParser.java:1213)
	at com.sun.org.apache.xerces.internal.jaxp.SAXParserImpl$JAXPSAXParser.parse(SAXParserImpl.java:649)
	at org.apache.tomcat.util.digester.Digester.parse(Digester.java:1470)
	at org.apache.catalina.users.MemoryUserDatabase.open(MemoryUserDatabase.java:430)
	at org.apache.catalina.users.MemoryUserDatabaseFactory.getObjectInstance(MemoryUserDatabaseFactory.java:102)
	at org.apache.naming.factory.FactoryBase.getObjectInstance(FactoryBase.java:94)
	at javax.naming.spi.NamingManager.getObjectInstance(NamingManager.java:321)
	at org.apache.naming.NamingContext.lookup(NamingContext.java:841)
	at org.apache.naming.NamingContext.lookup(NamingContext.java:166)
	at org.apache.catalina.realm.UserDatabaseRealm.startInternal(UserDatabaseRealm.java:232)
	at org.apache.catalina.util.LifecycleBase.start(LifecycleBase.java:150)
	at org.apache.catalina.realm.CombinedRealm.startInternal(CombinedRealm.java:249)
	at org.apache.catalina.realm.LockOutRealm.startInternal(LockOutRealm.java:120)
	at org.apache.catalina.util.LifecycleBase.start(LifecycleBase.java:150)
	at org.apache.catalina.core.ContainerBase.startInternal(ContainerBase.java:904)
	at org.apache.catalina.core.StandardEngine.startInternal(StandardEngine.java:262)
	at org.apache.catalina.util.LifecycleBase.start(LifecycleBase.java:150)
	at org.apache.catalina.core.StandardService.startInternal(StandardService.java:439)
	at org.apache.catalina.util.LifecycleBase.start(LifecycleBase.java:150)
	at org.apache.catalina.core.StandardServer.startInternal(StandardServer.java:769)
	at org.apache.catalina.util.LifecycleBase.start(LifecycleBase.java:150)
	at org.apache.catalina.startup.Catalina.start(Catalina.java:625)
	at sun.reflect.NativeMethodAccessorImpl.invoke0(Native Method)
	at sun.reflect.NativeMethodAccessorImpl.invoke(NativeMethodAccessorImpl.java:62)
	at sun.reflect.DelegatingMethodAccessorImpl.invoke(DelegatingMethodAccessorImpl.java:43)
	at java.lang.reflect.Method.invoke(Method.java:483)
	at org.apache.catalina.startup.Bootstrap.start(Bootstrap.java:351)
	at org.apache.catalina.startup.Bootstrap.main(Bootstrap.java:485)

01-Mar-2016 14:26:51.684 WARNING [main] org.apache.naming.NamingContext.lookup Unexpected exception resolving reference
 org.xml.sax.SAXParseException; lineNumber: 40; columnNumber: 2; The markup in the document following the root element must be well-formed.
	at com.sun.org.apache.xerces.internal.parsers.AbstractSAXParser.parse(AbstractSAXParser.java:1239)
	at com.sun.org.apache.xerces.internal.jaxp.SAXParserImpl$JAXPSAXParser.parse(SAXParserImpl.java:649)
	at org.apache.tomcat.util.digester.Digester.parse(Digester.java:1470)
	at org.apache.catalina.users.MemoryUserDatabase.open(MemoryUserDatabase.java:430)
	at org.apache.catalina.users.MemoryUserDatabaseFactory.getObjectInstance(MemoryUserDatabaseFactory.java:102)
	at org.apache.naming.factory.FactoryBase.getObjectInstance(FactoryBase.java:94)
	at javax.naming.spi.NamingManager.getObjectInstance(NamingManager.java:321)
	at org.apache.naming.NamingContext.lookup(NamingContext.java:841)
	at org.apache.naming.NamingContext.lookup(NamingContext.java:166)
	at org.apache.catalina.realm.UserDatabaseRealm.startInternal(UserDatabaseRealm.java:232)
	at org.apache.catalina.util.LifecycleBase.start(LifecycleBase.java:150)
	at org.apache.catalina.realm.CombinedRealm.startInternal(CombinedRealm.java:249)
	at org.apache.catalina.realm.LockOutRealm.startInternal(LockOutRealm.java:120)
	at org.apache.catalina.util.LifecycleBase.start(LifecycleBase.java:150)
	at org.apache.catalina.core.ContainerBase.startInternal(ContainerBase.java:904)
	at org.apache.catalina.core.StandardEngine.startInternal(StandardEngine.java:262)
	at org.apache.catalina.util.LifecycleBase.start(LifecycleBase.java:150)
	at org.apache.catalina.core.StandardService.startInternal(StandardService.java:439)
	at org.apache.catalina.util.LifecycleBase.start(LifecycleBase.java:150)
	at org.apache.catalina.core.StandardServer.startInternal(StandardServer.java:769)
	at org.apache.catalina.util.LifecycleBase.start(LifecycleBase.java:150)
	at org.apache.catalina.startup.Catalina.start(Catalina.java:625)
	at sun.reflect.NativeMethodAccessorImpl.invoke0(Native Method)
	at sun.reflect.NativeMethodAccessorImpl.invoke(NativeMethodAccessorImpl.java:62)
	at sun.reflect.DelegatingMethodAccessorImpl.invoke(DelegatingMethodAccessorImpl.java:43)
	at java.lang.reflect.Method.invoke(Method.java:483)
	at org.apache.catalina.startup.Bootstrap.start(Bootstrap.java:351)
	at org.apache.catalina.startup.Bootstrap.main(Bootstrap.java:485)

01-Mar-2016 14:26:51.690 SEVERE [main] org.apache.catalina.realm.UserDatabaseRealm.startInternal Exception looking up UserDatabase under key UserDatabase
 javax.naming.NamingException: The markup in the document following the root element must be well-formed.
	at org.apache.naming.NamingContext.lookup(NamingContext.java:858)
	at org.apache.naming.NamingContext.lookup(NamingContext.java:166)
	at org.apache.catalina.realm.UserDatabaseRealm.startInternal(UserDatabaseRealm.java:232)
	at org.apache.catalina.util.LifecycleBase.start(LifecycleBase.java:150)
	at org.apache.catalina.realm.CombinedRealm.startInternal(CombinedRealm.java:249)
	at org.apache.catalina.realm.LockOutRealm.startInternal(LockOutRealm.java:120)
	at org.apache.catalina.util.LifecycleBase.start(LifecycleBase.java:150)
	at org.apache.catalina.core.ContainerBase.startInternal(ContainerBase.java:904)
	at org.apache.catalina.core.StandardEngine.startInternal(StandardEngine.java:262)
	at org.apache.catalina.util.LifecycleBase.start(LifecycleBase.java:150)
	at org.apache.catalina.core.StandardService.startInternal(StandardService.java:439)
	at org.apache.catalina.util.LifecycleBase.start(LifecycleBase.java:150)
	at org.apache.catalina.core.StandardServer.startInternal(StandardServer.java:769)
	at org.apache.catalina.util.LifecycleBase.start(LifecycleBase.java:150)
	at org.apache.catalina.startup.Catalina.start(Catalina.java:625)
	at sun.reflect.NativeMethodAccessorImpl.invoke0(Native Method)
	at sun.reflect.NativeMethodAccessorImpl.invoke(NativeMethodAccessorImpl.java:62)
	at sun.reflect.DelegatingMethodAccessorImpl.invoke(DelegatingMethodAccessorImpl.java:43)
	at java.lang.reflect.Method.invoke(Method.java:483)
	at org.apache.catalina.startup.Bootstrap.start(Bootstrap.java:351)
	at org.apache.catalina.startup.Bootstrap.main(Bootstrap.java:485)

01-Mar-2016 14:26:51.693 SEVERE [main] org.apache.catalina.realm.CombinedRealm.startInternal Failed to start "org.apache.catalina.realm.UserDatabaseRealm" realm
 org.apache.catalina.LifecycleException: Failed to start component [Realm[UserDatabaseRealm]]
	at org.apache.catalina.util.LifecycleBase.start(LifecycleBase.java:154)
	at org.apache.catalina.realm.CombinedRealm.startInternal(CombinedRealm.java:249)
	at org.apache.catalina.realm.LockOutRealm.startInternal(LockOutRealm.java:120)
	at org.apache.catalina.util.LifecycleBase.start(LifecycleBase.java:150)
	at org.apache.catalina.core.ContainerBase.startInternal(ContainerBase.java:904)
	at org.apache.catalina.core.StandardEngine.startInternal(StandardEngine.java:262)
	at org.apache.catalina.util.LifecycleBase.start(LifecycleBase.java:150)
	at org.apache.catalina.core.StandardService.startInternal(StandardService.java:439)
	at org.apache.catalina.util.LifecycleBase.start(LifecycleBase.java:150)
	at org.apache.catalina.core.StandardServer.startInternal(StandardServer.java:769)
	at org.apache.catalina.util.LifecycleBase.start(LifecycleBase.java:150)
	at org.apache.catalina.startup.Catalina.start(Catalina.java:625)
	at sun.reflect.NativeMethodAccessorImpl.invoke0(Native Method)
	at sun.reflect.NativeMethodAccessorImpl.invoke(NativeMethodAccessorImpl.java:62)
	at sun.reflect.DelegatingMethodAccessorImpl.invoke(DelegatingMethodAccessorImpl.java:43)
	at java.lang.reflect.Method.invoke(Method.java:483)
	at org.apache.catalina.startup.Bootstrap.start(Bootstrap.java:351)
	at org.apache.catalina.startup.Bootstrap.main(Bootstrap.java:485)
Caused by: org.apache.catalina.LifecycleException: No UserDatabase component found under key UserDatabase
	at org.apache.catalina.realm.UserDatabaseRealm.startInternal(UserDatabaseRealm.java:241)
	at org.apache.catalina.util.LifecycleBase.start(LifecycleBase.java:150)
	... 17 more

01-Mar-2016 14:26:51.739 INFO [localhost-startStop-1] org.apache.catalina.startup.HostConfig.deployDirectory Deploying web application directory /home/pi/apache-tomcat-8.0.24/webapps/host-manager
01-Mar-2016 14:26:54.246 INFO [localhost-startStop-1] org.apache.jasper.servlet.TldScanner.scanJars At least one JAR was scanned for TLDs yet contained no TLDs. Enable debug logging for this logger for a complete list of JARs that were scanned but no TLDs were found in them. Skipping unneeded JARs during scanning can improve startup time and JSP compilation time.
01-Mar-2016 14:26:54.515 INFO [localhost-startStop-1] org.apache.catalina.startup.HostConfig.deployDirectory Deployment of web application directory /home/pi/apache-tomcat-8.0.24/webapps/host-manager has finished in 2,772 ms
01-Mar-2016 14:26:54.517 INFO [localhost-startStop-1] org.apache.catalina.startup.HostConfig.deployDirectory Deploying web application directory /home/pi/apache-tomcat-8.0.24/webapps/IOT
01-Mar-2016 14:26:55.410 INFO [localhost-startStop-1] org.apache.jasper.servlet.TldScanner.scanJars At least one JAR was scanned for TLDs yet contained no TLDs. Enable debug logging for this logger for a complete list of JARs that were scanned but no TLDs were found in them. Skipping unneeded JARs during scanning can improve startup time and JSP compilation time.
01-Mar-2016 14:26:55.454 INFO [localhost-startStop-1] org.apache.catalina.startup.HostConfig.deployDirectory Deployment of web application directory /home/pi/apache-tomcat-8.0.24/webapps/IOT has finished in 938 ms
01-Mar-2016 14:26:55.456 INFO [localhost-startStop-1] org.apache.catalina.startup.HostConfig.deployDirectory Deploying web application directory /home/pi/apache-tomcat-8.0.24/webapps/ROOT
01-Mar-2016 14:26:56.064 INFO [localhost-startStop-1] org.apache.jasper.servlet.TldScanner.scanJars At least one JAR was scanned for TLDs yet contained no TLDs. Enable debug logging for this logger for a complete list of JARs that were scanned but no TLDs were found in them. Skipping unneeded JARs during scanning can improve startup time and JSP compilation time.
01-Mar-2016 14:26:56.076 INFO [localhost-startStop-1] org.apache.catalina.startup.HostConfig.deployDirectory Deployment of web application directory /home/pi/apache-tomcat-8.0.24/webapps/ROOT has finished in 620 ms
01-Mar-2016 14:26:56.077 INFO [localhost-startStop-1] org.apache.catalina.startup.HostConfig.deployDirectory Deploying web application directory /home/pi/apache-tomcat-8.0.24/webapps/manager
01-Mar-2016 14:26:56.754 INFO [localhost-startStop-1] org.apache.jasper.servlet.TldScanner.scanJars At least one JAR was scanned for TLDs yet contained no TLDs. Enable debug logging for this logger for a complete list of JARs that were scanned but no TLDs were found in them. Skipping unneeded JARs during scanning can improve startup time and JSP compilation time.
01-Mar-2016 14:26:56.765 INFO [localhost-startStop-1] org.apache.catalina.startup.HostConfig.deployDirectory Deployment of web application directory /home/pi/apache-tomcat-8.0.24/webapps/manager has finished in 687 ms
01-Mar-2016 14:26:56.766 INFO [localhost-startStop-1] org.apache.catalina.startup.HostConfig.deployDirectory Deploying web application directory /home/pi/apache-tomcat-8.0.24/webapps/examples
01-Mar-2016 14:26:58.763 INFO [localhost-startStop-1] org.apache.jasper.servlet.TldScanner.scanJars At least one JAR was scanned for TLDs yet contained no TLDs. Enable debug logging for this logger for a complete list of JARs that were scanned but no TLDs were found in them. Skipping unneeded JARs during scanning can improve startup time and JSP compilation time.
01-Mar-2016 14:26:58.843 INFO [localhost-startStop-1] org.apache.catalina.startup.HostConfig.deployDirectory Deployment of web application directory /home/pi/apache-tomcat-8.0.24/webapps/examples has finished in 2,076 ms
01-Mar-2016 14:26:58.843 INFO [localhost-startStop-1] org.apache.catalina.startup.HostConfig.deployDirectory Deploying web application directory /home/pi/apache-tomcat-8.0.24/webapps/docs
01-Mar-2016 14:26:59.404 INFO [localhost-startStop-1] org.apache.jasper.servlet.TldScanner.scanJars At least one JAR was scanned for TLDs yet contained no TLDs. Enable debug logging for this logger for a complete list of JARs that were scanned but no TLDs were found in them. Skipping unneeded JARs during scanning can improve startup time and JSP compilation time.
01-Mar-2016 14:26:59.414 INFO [localhost-startStop-1] org.apache.catalina.startup.HostConfig.deployDirectory Deployment of web application directory /home/pi/apache-tomcat-8.0.24/webapps/docs has finished in 570 ms
01-Mar-2016 14:26:59.435 INFO [main] org.apache.coyote.AbstractProtocol.start Starting ProtocolHandler ["http-nio-8080"]
01-Mar-2016 14:26:59.475 INFO [main] org.apache.coyote.AbstractProtocol.start Starting ProtocolHandler ["ajp-nio-8009"]
01-Mar-2016 14:26:59.478 INFO [main] org.apache.coyote.AbstractProtocol.start Starting ProtocolHandler ["http-nio-8443"]
01-Mar-2016 14:26:59.480 INFO [main] org.apache.catalina.startup.Catalina.start Server startup in 8011 ms
01-Mar-2016 14:28:11.325 INFO [main] org.apache.catalina.startup.VersionLoggerListener.log Server version:        Apache Tomcat/8.0.24
01-Mar-2016 14:28:11.334 INFO [main] org.apache.catalina.startup.VersionLoggerListener.log Server built:          Jul 1 2015 20:19:55 UTC
01-Mar-2016 14:28:11.335 INFO [main] org.apache.catalina.startup.VersionLoggerListener.log Server number:         8.0.24.0
01-Mar-2016 14:28:11.336 INFO [main] org.apache.catalina.startup.VersionLoggerListener.log OS Name:               Linux
01-Mar-2016 14:28:11.337 INFO [main] org.apache.catalina.startup.VersionLoggerListener.log OS Version:            4.1.13-v7+
01-Mar-2016 14:28:11.337 INFO [main] org.apache.catalina.startup.VersionLoggerListener.log Architecture:          arm
01-Mar-2016 14:28:11.338 INFO [main] org.apache.catalina.startup.VersionLoggerListener.log Java Home:             /usr/lib/jvm/jdk-8-oracle-arm-vfp-hflt/jre
01-Mar-2016 14:28:11.339 INFO [main] org.apache.catalina.startup.VersionLoggerListener.log JVM Version:           1.8.0-b132
01-Mar-2016 14:28:11.339 INFO [main] org.apache.catalina.startup.VersionLoggerListener.log JVM Vendor:            Oracle Corporation
01-Mar-2016 14:28:11.340 INFO [main] org.apache.catalina.startup.VersionLoggerListener.log CATALINA_BASE:         /home/pi/apache-tomcat-8.0.24
01-Mar-2016 14:28:11.341 INFO [main] org.apache.catalina.startup.VersionLoggerListener.log CATALINA_HOME:         /home/pi/apache-tomcat-8.0.24
01-Mar-2016 14:28:11.342 INFO [main] org.apache.catalina.startup.VersionLoggerListener.log Command line argument: -Djava.util.logging.config.file=/home/pi/apache-tomcat-8.0.24/conf/logging.properties
01-Mar-2016 14:28:11.343 INFO [main] org.apache.catalina.startup.VersionLoggerListener.log Command line argument: -Djava.util.logging.manager=org.apache.juli.ClassLoaderLogManager
01-Mar-2016 14:28:11.344 INFO [main] org.apache.catalina.startup.VersionLoggerListener.log Command line argument: -Djava.endorsed.dirs=/home/pi/apache-tomcat-8.0.24/endorsed
01-Mar-2016 14:28:11.345 INFO [main] org.apache.catalina.startup.VersionLoggerListener.log Command line argument: -Dcatalina.base=/home/pi/apache-tomcat-8.0.24
01-Mar-2016 14:28:11.346 INFO [main] org.apache.catalina.startup.VersionLoggerListener.log Command line argument: -Dcatalina.home=/home/pi/apache-tomcat-8.0.24
01-Mar-2016 14:28:11.346 INFO [main] org.apache.catalina.startup.VersionLoggerListener.log Command line argument: -Djava.io.tmpdir=/home/pi/apache-tomcat-8.0.24/temp
01-Mar-2016 14:28:11.347 INFO [main] org.apache.catalina.core.AprLifecycleListener.lifecycleEvent The APR based Apache Tomcat Native library which allows optimal performance in production environments was not found on the java.library.path: /usr/java/packages/lib/arm:/lib:/usr/lib
01-Mar-2016 14:28:12.223 INFO [main] org.apache.coyote.AbstractProtocol.init Initializing ProtocolHandler ["http-nio-8080"]
01-Mar-2016 14:28:12.390 SEVERE [main] org.apache.coyote.AbstractProtocol.init Failed to initialize end point associated with ProtocolHandler ["http-nio-8080"]
 java.net.BindException: Address already in use
	at sun.nio.ch.Net.bind0(Native Method)
	at sun.nio.ch.Net.bind(Net.java:414)
	at sun.nio.ch.Net.bind(Net.java:406)
	at sun.nio.ch.ServerSocketChannelImpl.bind(ServerSocketChannelImpl.java:214)
	at sun.nio.ch.ServerSocketAdaptor.bind(ServerSocketAdaptor.java:74)
	at org.apache.tomcat.util.net.NioEndpoint.bind(NioEndpoint.java:339)
	at org.apache.tomcat.util.net.AbstractEndpoint.init(AbstractEndpoint.java:737)
	at org.apache.coyote.AbstractProtocol.init(AbstractProtocol.java:457)
	at org.apache.coyote.http11.AbstractHttp11JsseProtocol.init(AbstractHttp11JsseProtocol.java:120)
	at org.apache.catalina.connector.Connector.initInternal(Connector.java:960)
	at org.apache.catalina.util.LifecycleBase.init(LifecycleBase.java:102)
	at org.apache.catalina.core.StandardService.initInternal(StandardService.java:567)
	at org.apache.catalina.util.LifecycleBase.init(LifecycleBase.java:102)
	at org.apache.catalina.core.StandardServer.initInternal(StandardServer.java:851)
	at org.apache.catalina.util.LifecycleBase.init(LifecycleBase.java:102)
	at org.apache.catalina.startup.Catalina.load(Catalina.java:576)
	at org.apache.catalina.startup.Catalina.load(Catalina.java:599)
	at sun.reflect.NativeMethodAccessorImpl.invoke0(Native Method)
	at sun.reflect.NativeMethodAccessorImpl.invoke(NativeMethodAccessorImpl.java:62)
	at sun.reflect.DelegatingMethodAccessorImpl.invoke(DelegatingMethodAccessorImpl.java:43)
	at java.lang.reflect.Method.invoke(Method.java:483)
	at org.apache.catalina.startup.Bootstrap.load(Bootstrap.java:310)
	at org.apache.catalina.startup.Bootstrap.main(Bootstrap.java:484)

01-Mar-2016 14:28:12.400 SEVERE [main] org.apache.catalina.core.StandardService.initInternal Failed to initialize connector [Connector[HTTP/1.1-8080]]
 org.apache.catalina.LifecycleException: Failed to initialize component [Connector[HTTP/1.1-8080]]
	at org.apache.catalina.util.LifecycleBase.init(LifecycleBase.java:106)
	at org.apache.catalina.core.StandardService.initInternal(StandardService.java:567)
	at org.apache.catalina.util.LifecycleBase.init(LifecycleBase.java:102)
	at org.apache.catalina.core.StandardServer.initInternal(StandardServer.java:851)
	at org.apache.catalina.util.LifecycleBase.init(LifecycleBase.java:102)
	at org.apache.catalina.startup.Catalina.load(Catalina.java:576)
	at org.apache.catalina.startup.Catalina.load(Catalina.java:599)
	at sun.reflect.NativeMethodAccessorImpl.invoke0(Native Method)
	at sun.reflect.NativeMethodAccessorImpl.invoke(NativeMethodAccessorImpl.java:62)
	at sun.reflect.DelegatingMethodAccessorImpl.invoke(DelegatingMethodAccessorImpl.java:43)
	at java.lang.reflect.Method.invoke(Method.java:483)
	at org.apache.catalina.startup.Bootstrap.load(Bootstrap.java:310)
	at org.apache.catalina.startup.Bootstrap.main(Bootstrap.java:484)
Caused by: org.apache.catalina.LifecycleException: Protocol handler initialization failed
	at org.apache.catalina.connector.Connector.initInternal(Connector.java:962)
	at org.apache.catalina.util.LifecycleBase.init(LifecycleBase.java:102)
	... 12 more
Caused by: java.net.BindException: Address already in use
	at sun.nio.ch.Net.bind0(Native Method)
	at sun.nio.ch.Net.bind(Net.java:414)
	at sun.nio.ch.Net.bind(Net.java:406)
	at sun.nio.ch.ServerSocketChannelImpl.bind(ServerSocketChannelImpl.java:214)
	at sun.nio.ch.ServerSocketAdaptor.bind(ServerSocketAdaptor.java:74)
	at org.apache.tomcat.util.net.NioEndpoint.bind(NioEndpoint.java:339)
	at org.apache.tomcat.util.net.AbstractEndpoint.init(AbstractEndpoint.java:737)
	at org.apache.coyote.AbstractProtocol.init(AbstractProtocol.java:457)
	at org.apache.coyote.http11.AbstractHttp11JsseProtocol.init(AbstractHttp11JsseProtocol.java:120)
	at org.apache.catalina.connector.Connector.initInternal(Connector.java:960)
	... 13 more

01-Mar-2016 14:28:12.404 INFO [main] org.apache.coyote.AbstractProtocol.init Initializing ProtocolHandler ["ajp-nio-8009"]
01-Mar-2016 14:28:12.429 SEVERE [main] org.apache.coyote.AbstractProtocol.init Failed to initialize end point associated with ProtocolHandler ["ajp-nio-8009"]
 java.net.BindException: Address already in use
	at sun.nio.ch.Net.bind0(Native Method)
	at sun.nio.ch.Net.bind(Net.java:414)
	at sun.nio.ch.Net.bind(Net.java:406)
	at sun.nio.ch.ServerSocketChannelImpl.bind(ServerSocketChannelImpl.java:214)
	at sun.nio.ch.ServerSocketAdaptor.bind(ServerSocketAdaptor.java:74)
	at org.apache.tomcat.util.net.NioEndpoint.bind(NioEndpoint.java:339)
	at org.apache.tomcat.util.net.AbstractEndpoint.init(AbstractEndpoint.java:737)
	at org.apache.coyote.AbstractProtocol.init(AbstractProtocol.java:457)
	at org.apache.catalina.connector.Connector.initInternal(Connector.java:960)
	at org.apache.catalina.util.LifecycleBase.init(LifecycleBase.java:102)
	at org.apache.catalina.core.StandardService.initInternal(StandardService.java:567)
	at org.apache.catalina.util.LifecycleBase.init(LifecycleBase.java:102)
	at org.apache.catalina.core.StandardServer.initInternal(StandardServer.java:851)
	at org.apache.catalina.util.LifecycleBase.init(LifecycleBase.java:102)
	at org.apache.catalina.startup.Catalina.load(Catalina.java:576)
	at org.apache.catalina.startup.Catalina.load(Catalina.java:599)
	at sun.reflect.NativeMethodAccessorImpl.invoke0(Native Method)
	at sun.reflect.NativeMethodAccessorImpl.invoke(NativeMethodAccessorImpl.java:62)
	at sun.reflect.DelegatingMethodAccessorImpl.invoke(DelegatingMethodAccessorImpl.java:43)
	at java.lang.reflect.Method.invoke(Method.java:483)
	at org.apache.catalina.startup.Bootstrap.load(Bootstrap.java:310)
	at org.apache.catalina.startup.Bootstrap.main(Bootstrap.java:484)

01-Mar-2016 14:28:12.431 SEVERE [main] org.apache.catalina.core.StandardService.initInternal Failed to initialize connector [Connector[AJP/1.3-8009]]
 org.apache.catalina.LifecycleException: Failed to initialize component [Connector[AJP/1.3-8009]]
	at org.apache.catalina.util.LifecycleBase.init(LifecycleBase.java:106)
	at org.apache.catalina.core.StandardService.initInternal(StandardService.java:567)
	at org.apache.catalina.util.LifecycleBase.init(LifecycleBase.java:102)
	at org.apache.catalina.core.StandardServer.initInternal(StandardServer.java:851)
	at org.apache.catalina.util.LifecycleBase.init(LifecycleBase.java:102)
	at org.apache.catalina.startup.Catalina.load(Catalina.java:576)
	at org.apache.catalina.startup.Catalina.load(Catalina.java:599)
	at sun.reflect.NativeMethodAccessorImpl.invoke0(Native Method)
	at sun.reflect.NativeMethodAccessorImpl.invoke(NativeMethodAccessorImpl.java:62)
	at sun.reflect.DelegatingMethodAccessorImpl.invoke(DelegatingMethodAccessorImpl.java:43)
	at java.lang.reflect.Method.invoke(Method.java:483)
	at org.apache.catalina.startup.Bootstrap.load(Bootstrap.java:310)
	at org.apache.catalina.startup.Bootstrap.main(Bootstrap.java:484)
Caused by: org.apache.catalina.LifecycleException: Protocol handler initialization failed
	at org.apache.catalina.connector.Connector.initInternal(Connector.java:962)
	at org.apache.catalina.util.LifecycleBase.init(LifecycleBase.java:102)
	... 12 more
Caused by: java.net.BindException: Address already in use
	at sun.nio.ch.Net.bind0(Native Method)
	at sun.nio.ch.Net.bind(Net.java:414)
	at sun.nio.ch.Net.bind(Net.java:406)
	at sun.nio.ch.ServerSocketChannelImpl.bind(ServerSocketChannelImpl.java:214)
	at sun.nio.ch.ServerSocketAdaptor.bind(ServerSocketAdaptor.java:74)
	at org.apache.tomcat.util.net.NioEndpoint.bind(NioEndpoint.java:339)
	at org.apache.tomcat.util.net.AbstractEndpoint.init(AbstractEndpoint.java:737)
	at org.apache.coyote.AbstractProtocol.init(AbstractProtocol.java:457)
	at org.apache.catalina.connector.Connector.initInternal(Connector.java:960)
	... 13 more

01-Mar-2016 14:28:12.436 INFO [main] org.apache.coyote.AbstractProtocol.init Initializing ProtocolHandler ["http-nio-8443"]
01-Mar-2016 14:28:12.438 SEVERE [main] org.apache.coyote.AbstractProtocol.init Failed to initialize end point associated with ProtocolHandler ["http-nio-8443"]
 java.net.BindException: Address already in use
	at sun.nio.ch.Net.bind0(Native Method)
	at sun.nio.ch.Net.bind(Net.java:414)
	at sun.nio.ch.Net.bind(Net.java:406)
	at sun.nio.ch.ServerSocketChannelImpl.bind(ServerSocketChannelImpl.java:214)
	at sun.nio.ch.ServerSocketAdaptor.bind(ServerSocketAdaptor.java:74)
	at org.apache.tomcat.util.net.NioEndpoint.bind(NioEndpoint.java:339)
	at org.apache.tomcat.util.net.AbstractEndpoint.init(AbstractEndpoint.java:737)
	at org.apache.coyote.AbstractProtocol.init(AbstractProtocol.java:457)
	at org.apache.coyote.http11.AbstractHttp11JsseProtocol.init(AbstractHttp11JsseProtocol.java:120)
	at org.apache.catalina.connector.Connector.initInternal(Connector.java:960)
	at org.apache.catalina.util.LifecycleBase.init(LifecycleBase.java:102)
	at org.apache.catalina.core.StandardService.initInternal(StandardService.java:567)
	at org.apache.catalina.util.LifecycleBase.init(LifecycleBase.java:102)
	at org.apache.catalina.core.StandardServer.initInternal(StandardServer.java:851)
	at org.apache.catalina.util.LifecycleBase.init(LifecycleBase.java:102)
	at org.apache.catalina.startup.Catalina.load(Catalina.java:576)
	at org.apache.catalina.startup.Catalina.load(Catalina.java:599)
	at sun.reflect.NativeMethodAccessorImpl.invoke0(Native Method)
	at sun.reflect.NativeMethodAccessorImpl.invoke(NativeMethodAccessorImpl.java:62)
	at sun.reflect.DelegatingMethodAccessorImpl.invoke(DelegatingMethodAccessorImpl.java:43)
	at java.lang.reflect.Method.invoke(Method.java:483)
	at org.apache.catalina.startup.Bootstrap.load(Bootstrap.java:310)
	at org.apache.catalina.startup.Bootstrap.main(Bootstrap.java:484)

01-Mar-2016 14:28:12.440 SEVERE [main] org.apache.catalina.core.StandardService.initInternal Failed to initialize connector [Connector[HTTP/1.1-8443]]
 org.apache.catalina.LifecycleException: Failed to initialize component [Connector[HTTP/1.1-8443]]
	at org.apache.catalina.util.LifecycleBase.init(LifecycleBase.java:106)
	at org.apache.catalina.core.StandardService.initInternal(StandardService.java:567)
	at org.apache.catalina.util.LifecycleBase.init(LifecycleBase.java:102)
	at org.apache.catalina.core.StandardServer.initInternal(StandardServer.java:851)
	at org.apache.catalina.util.LifecycleBase.init(LifecycleBase.java:102)
	at org.apache.catalina.startup.Catalina.load(Catalina.java:576)
	at org.apache.catalina.startup.Catalina.load(Catalina.java:599)
	at sun.reflect.NativeMethodAccessorImpl.invoke0(Native Method)
	at sun.reflect.NativeMethodAccessorImpl.invoke(NativeMethodAccessorImpl.java:62)
	at sun.reflect.DelegatingMethodAccessorImpl.invoke(DelegatingMethodAccessorImpl.java:43)
	at java.lang.reflect.Method.invoke(Method.java:483)
	at org.apache.catalina.startup.Bootstrap.load(Bootstrap.java:310)
	at org.apache.catalina.startup.Bootstrap.main(Bootstrap.java:484)
Caused by: org.apache.catalina.LifecycleException: Protocol handler initialization failed
	at org.apache.catalina.connector.Connector.initInternal(Connector.java:962)
	at org.apache.catalina.util.LifecycleBase.init(LifecycleBase.java:102)
	... 12 more
Caused by: java.net.BindException: Address already in use
	at sun.nio.ch.Net.bind0(Native Method)
	at sun.nio.ch.Net.bind(Net.java:414)
	at sun.nio.ch.Net.bind(Net.java:406)
	at sun.nio.ch.ServerSocketChannelImpl.bind(ServerSocketChannelImpl.java:214)
	at sun.nio.ch.ServerSocketAdaptor.bind(ServerSocketAdaptor.java:74)
	at org.apache.tomcat.util.net.NioEndpoint.bind(NioEndpoint.java:339)
	at org.apache.tomcat.util.net.AbstractEndpoint.init(AbstractEndpoint.java:737)
	at org.apache.coyote.AbstractProtocol.init(AbstractProtocol.java:457)
	at org.apache.coyote.http11.AbstractHttp11JsseProtocol.init(AbstractHttp11JsseProtocol.java:120)
	at org.apache.catalina.connector.Connector.initInternal(Connector.java:960)
	... 13 more

01-Mar-2016 14:28:12.443 INFO [main] org.apache.catalina.startup.Catalina.load Initialization processed in 3555 ms
01-Mar-2016 14:28:12.595 SEVERE [main] org.apache.tomcat.util.digester.Digester.fatalError Parse Fatal Error at line 40 column 2: The markup in the document following the root element must be well-formed.
 org.xml.sax.SAXParseException; lineNumber: 40; columnNumber: 2; The markup in the document following the root element must be well-formed.
	at com.sun.org.apache.xerces.internal.util.ErrorHandlerWrapper.createSAXParseException(ErrorHandlerWrapper.java:203)
	at com.sun.org.apache.xerces.internal.util.ErrorHandlerWrapper.fatalError(ErrorHandlerWrapper.java:177)
	at com.sun.org.apache.xerces.internal.impl.XMLErrorReporter.reportError(XMLErrorReporter.java:441)
	at com.sun.org.apache.xerces.internal.impl.XMLErrorReporter.reportError(XMLErrorReporter.java:368)
	at com.sun.org.apache.xerces.internal.impl.XMLScanner.reportFatalError(XMLScanner.java:1436)
	at com.sun.org.apache.xerces.internal.impl.XMLDocumentScannerImpl$TrailingMiscDriver.next(XMLDocumentScannerImpl.java:1397)
	at com.sun.org.apache.xerces.internal.impl.XMLDocumentScannerImpl.next(XMLDocumentScannerImpl.java:606)
	at com.sun.org.apache.xerces.internal.impl.XMLDocumentFragmentScannerImpl.scanDocument(XMLDocumentFragmentScannerImpl.java:510)
	at com.sun.org.apache.xerces.internal.parsers.XML11Configuration.parse(XML11Configuration.java:848)
	at com.sun.org.apache.xerces.internal.parsers.XML11Configuration.parse(XML11Configuration.java:777)
	at com.sun.org.apache.xerces.internal.parsers.XMLParser.parse(XMLParser.java:141)
	at com.sun.org.apache.xerces.internal.parsers.AbstractSAXParser.parse(AbstractSAXParser.java:1213)
	at com.sun.org.apache.xerces.internal.jaxp.SAXParserImpl$JAXPSAXParser.parse(SAXParserImpl.java:649)
	at org.apache.tomcat.util.digester.Digester.parse(Digester.java:1470)
	at org.apache.catalina.users.MemoryUserDatabase.open(MemoryUserDatabase.java:430)
	at org.apache.catalina.users.MemoryUserDatabaseFactory.getObjectInstance(MemoryUserDatabaseFactory.java:102)
	at org.apache.naming.factory.FactoryBase.getObjectInstance(FactoryBase.java:94)
	at javax.naming.spi.NamingManager.getObjectInstance(NamingManager.java:321)
	at org.apache.naming.NamingContext.lookup(NamingContext.java:841)
	at org.apache.naming.NamingContext.lookup(NamingContext.java:152)
	at org.apache.naming.NamingContextBindingsEnumeration.nextElementInternal(NamingContextBindingsEnumeration.java:117)
	at org.apache.naming.NamingContextBindingsEnumeration.next(NamingContextBindingsEnumeration.java:71)
	at org.apache.naming.NamingContextBindingsEnumeration.next(NamingContextBindingsEnumeration.java:34)
	at org.apache.catalina.mbeans.GlobalResourcesLifecycleListener.createMBeans(GlobalResourcesLifecycleListener.java:138)
	at org.apache.catalina.mbeans.GlobalResourcesLifecycleListener.createMBeans(GlobalResourcesLifecycleListener.java:110)
	at org.apache.catalina.mbeans.GlobalResourcesLifecycleListener.lifecycleEvent(GlobalResourcesLifecycleListener.java:82)
	at org.apache.catalina.util.LifecycleSupport.fireLifecycleEvent(LifecycleSupport.java:117)
	at org.apache.catalina.util.LifecycleBase.fireLifecycleEvent(LifecycleBase.java:90)
	at org.apache.catalina.util.LifecycleBase.setStateInternal(LifecycleBase.java:402)
	at org.apache.catalina.util.LifecycleBase.setState(LifecycleBase.java:347)
	at org.apache.catalina.core.StandardServer.startInternal(StandardServer.java:762)
	at org.apache.catalina.util.LifecycleBase.start(LifecycleBase.java:150)
	at org.apache.catalina.startup.Catalina.start(Catalina.java:625)
	at sun.reflect.NativeMethodAccessorImpl.invoke0(Native Method)
	at sun.reflect.NativeMethodAccessorImpl.invoke(NativeMethodAccessorImpl.java:62)
	at sun.reflect.DelegatingMethodAccessorImpl.invoke(DelegatingMethodAccessorImpl.java:43)
	at java.lang.reflect.Method.invoke(Method.java:483)
	at org.apache.catalina.startup.Bootstrap.start(Bootstrap.java:351)
	at org.apache.catalina.startup.Bootstrap.main(Bootstrap.java:485)

01-Mar-2016 14:28:12.600 WARNING [main] org.apache.naming.NamingContext.lookup Unexpected exception resolving reference
 org.xml.sax.SAXParseException; lineNumber: 40; columnNumber: 2; The markup in the document following the root element must be well-formed.
	at com.sun.org.apache.xerces.internal.parsers.AbstractSAXParser.parse(AbstractSAXParser.java:1239)
	at com.sun.org.apache.xerces.internal.jaxp.SAXParserImpl$JAXPSAXParser.parse(SAXParserImpl.java:649)
	at org.apache.tomcat.util.digester.Digester.parse(Digester.java:1470)
	at org.apache.catalina.users.MemoryUserDatabase.open(MemoryUserDatabase.java:430)
	at org.apache.catalina.users.MemoryUserDatabaseFactory.getObjectInstance(MemoryUserDatabaseFactory.java:102)
	at org.apache.naming.factory.FactoryBase.getObjectInstance(FactoryBase.java:94)
	at javax.naming.spi.NamingManager.getObjectInstance(NamingManager.java:321)
	at org.apache.naming.NamingContext.lookup(NamingContext.java:841)
	at org.apache.naming.NamingContext.lookup(NamingContext.java:152)
	at org.apache.naming.NamingContextBindingsEnumeration.nextElementInternal(NamingContextBindingsEnumeration.java:117)
	at org.apache.naming.NamingContextBindingsEnumeration.next(NamingContextBindingsEnumeration.java:71)
	at org.apache.naming.NamingContextBindingsEnumeration.next(NamingContextBindingsEnumeration.java:34)
	at org.apache.catalina.mbeans.GlobalResourcesLifecycleListener.createMBeans(GlobalResourcesLifecycleListener.java:138)
	at org.apache.catalina.mbeans.GlobalResourcesLifecycleListener.createMBeans(GlobalResourcesLifecycleListener.java:110)
	at org.apache.catalina.mbeans.GlobalResourcesLifecycleListener.lifecycleEvent(GlobalResourcesLifecycleListener.java:82)
	at org.apache.catalina.util.LifecycleSupport.fireLifecycleEvent(LifecycleSupport.java:117)
	at org.apache.catalina.util.LifecycleBase.fireLifecycleEvent(LifecycleBase.java:90)
	at org.apache.catalina.util.LifecycleBase.setStateInternal(LifecycleBase.java:402)
	at org.apache.catalina.util.LifecycleBase.setState(LifecycleBase.java:347)
	at org.apache.catalina.core.StandardServer.startInternal(StandardServer.java:762)
	at org.apache.catalina.util.LifecycleBase.start(LifecycleBase.java:150)
	at org.apache.catalina.startup.Catalina.start(Catalina.java:625)
	at sun.reflect.NativeMethodAccessorImpl.invoke0(Native Method)
	at sun.reflect.NativeMethodAccessorImpl.invoke(NativeMethodAccessorImpl.java:62)
	at sun.reflect.DelegatingMethodAccessorImpl.invoke(DelegatingMethodAccessorImpl.java:43)
	at java.lang.reflect.Method.invoke(Method.java:483)
	at org.apache.catalina.startup.Bootstrap.start(Bootstrap.java:351)
	at org.apache.catalina.startup.Bootstrap.main(Bootstrap.java:485)

01-Mar-2016 14:28:12.603 SEVERE [main] org.apache.catalina.mbeans.GlobalResourcesLifecycleListener.createMBeans Exception processing Global JNDI Resources
 javax.naming.NamingException: The markup in the document following the root element must be well-formed.
	at org.apache.naming.NamingContext.lookup(NamingContext.java:858)
	at org.apache.naming.NamingContext.lookup(NamingContext.java:152)
	at org.apache.naming.NamingContextBindingsEnumeration.nextElementInternal(NamingContextBindingsEnumeration.java:117)
	at org.apache.naming.NamingContextBindingsEnumeration.next(NamingContextBindingsEnumeration.java:71)
	at org.apache.naming.NamingContextBindingsEnumeration.next(NamingContextBindingsEnumeration.java:34)
	at org.apache.catalina.mbeans.GlobalResourcesLifecycleListener.createMBeans(GlobalResourcesLifecycleListener.java:138)
	at org.apache.catalina.mbeans.GlobalResourcesLifecycleListener.createMBeans(GlobalResourcesLifecycleListener.java:110)
	at org.apache.catalina.mbeans.GlobalResourcesLifecycleListener.lifecycleEvent(GlobalResourcesLifecycleListener.java:82)
	at org.apache.catalina.util.LifecycleSupport.fireLifecycleEvent(LifecycleSupport.java:117)
	at org.apache.catalina.util.LifecycleBase.fireLifecycleEvent(LifecycleBase.java:90)
	at org.apache.catalina.util.LifecycleBase.setStateInternal(LifecycleBase.java:402)
	at org.apache.catalina.util.LifecycleBase.setState(LifecycleBase.java:347)
	at org.apache.catalina.core.StandardServer.startInternal(StandardServer.java:762)
	at org.apache.catalina.util.LifecycleBase.start(LifecycleBase.java:150)
	at org.apache.catalina.startup.Catalina.start(Catalina.java:625)
	at sun.reflect.NativeMethodAccessorImpl.invoke0(Native Method)
	at sun.reflect.NativeMethodAccessorImpl.invoke(NativeMethodAccessorImpl.java:62)
	at sun.reflect.DelegatingMethodAccessorImpl.invoke(DelegatingMethodAccessorImpl.java:43)
	at java.lang.reflect.Method.invoke(Method.java:483)
	at org.apache.catalina.startup.Bootstrap.start(Bootstrap.java:351)
	at org.apache.catalina.startup.Bootstrap.main(Bootstrap.java:485)

01-Mar-2016 14:28:12.605 INFO [main] org.apache.catalina.core.StandardService.startInternal Starting service Catalina
01-Mar-2016 14:28:12.606 INFO [main] org.apache.catalina.core.StandardEngine.startInternal Starting Servlet Engine: Apache Tomcat/8.0.24
01-Mar-2016 14:28:12.626 SEVERE [main] org.apache.tomcat.util.digester.Digester.fatalError Parse Fatal Error at line 40 column 2: The markup in the document following the root element must be well-formed.
 org.xml.sax.SAXParseException; lineNumber: 40; columnNumber: 2; The markup in the document following the root element must be well-formed.
	at com.sun.org.apache.xerces.internal.util.ErrorHandlerWrapper.createSAXParseException(ErrorHandlerWrapper.java:203)
	at com.sun.org.apache.xerces.internal.util.ErrorHandlerWrapper.fatalError(ErrorHandlerWrapper.java:177)
	at com.sun.org.apache.xerces.internal.impl.XMLErrorReporter.reportError(XMLErrorReporter.java:441)
	at com.sun.org.apache.xerces.internal.impl.XMLErrorReporter.reportError(XMLErrorReporter.java:368)
	at com.sun.org.apache.xerces.internal.impl.XMLScanner.reportFatalError(XMLScanner.java:1436)
	at com.sun.org.apache.xerces.internal.impl.XMLDocumentScannerImpl$TrailingMiscDriver.next(XMLDocumentScannerImpl.java:1397)
	at com.sun.org.apache.xerces.internal.impl.XMLDocumentScannerImpl.next(XMLDocumentScannerImpl.java:606)
	at com.sun.org.apache.xerces.internal.impl.XMLDocumentFragmentScannerImpl.scanDocument(XMLDocumentFragmentScannerImpl.java:510)
	at com.sun.org.apache.xerces.internal.parsers.XML11Configuration.parse(XML11Configuration.java:848)
	at com.sun.org.apache.xerces.internal.parsers.XML11Configuration.parse(XML11Configuration.java:777)
	at com.sun.org.apache.xerces.internal.parsers.XMLParser.parse(XMLParser.java:141)
	at com.sun.org.apache.xerces.internal.parsers.AbstractSAXParser.parse(AbstractSAXParser.java:1213)
	at com.sun.org.apache.xerces.internal.jaxp.SAXParserImpl$JAXPSAXParser.parse(SAXParserImpl.java:649)
	at org.apache.tomcat.util.digester.Digester.parse(Digester.java:1470)
	at org.apache.catalina.users.MemoryUserDatabase.open(MemoryUserDatabase.java:430)
	at org.apache.catalina.users.MemoryUserDatabaseFactory.getObjectInstance(MemoryUserDatabaseFactory.java:102)
	at org.apache.naming.factory.FactoryBase.getObjectInstance(FactoryBase.java:94)
	at javax.naming.spi.NamingManager.getObjectInstance(NamingManager.java:321)
	at org.apache.naming.NamingContext.lookup(NamingContext.java:841)
	at org.apache.naming.NamingContext.lookup(NamingContext.java:166)
	at org.apache.catalina.realm.UserDatabaseRealm.startInternal(UserDatabaseRealm.java:232)
	at org.apache.catalina.util.LifecycleBase.start(LifecycleBase.java:150)
	at org.apache.catalina.realm.CombinedRealm.startInternal(CombinedRealm.java:249)
	at org.apache.catalina.realm.LockOutRealm.startInternal(LockOutRealm.java:120)
	at org.apache.catalina.util.LifecycleBase.start(LifecycleBase.java:150)
	at org.apache.catalina.core.ContainerBase.startInternal(ContainerBase.java:904)
	at org.apache.catalina.core.StandardEngine.startInternal(StandardEngine.java:262)
	at org.apache.catalina.util.LifecycleBase.start(LifecycleBase.java:150)
	at org.apache.catalina.core.StandardService.startInternal(StandardService.java:439)
	at org.apache.catalina.util.LifecycleBase.start(LifecycleBase.java:150)
	at org.apache.catalina.core.StandardServer.startInternal(StandardServer.java:769)
	at org.apache.catalina.util.LifecycleBase.start(LifecycleBase.java:150)
	at org.apache.catalina.startup.Catalina.start(Catalina.java:625)
	at sun.reflect.NativeMethodAccessorImpl.invoke0(Native Method)
	at sun.reflect.NativeMethodAccessorImpl.invoke(NativeMethodAccessorImpl.java:62)
	at sun.reflect.DelegatingMethodAccessorImpl.invoke(DelegatingMethodAccessorImpl.java:43)
	at java.lang.reflect.Method.invoke(Method.java:483)
	at org.apache.catalina.startup.Bootstrap.start(Bootstrap.java:351)
	at org.apache.catalina.startup.Bootstrap.main(Bootstrap.java:485)

01-Mar-2016 14:28:12.629 WARNING [main] org.apache.naming.NamingContext.lookup Unexpected exception resolving reference
 org.xml.sax.SAXParseException; lineNumber: 40; columnNumber: 2; The markup in the document following the root element must be well-formed.
	at com.sun.org.apache.xerces.internal.parsers.AbstractSAXParser.parse(AbstractSAXParser.java:1239)
	at com.sun.org.apache.xerces.internal.jaxp.SAXParserImpl$JAXPSAXParser.parse(SAXParserImpl.java:649)
	at org.apache.tomcat.util.digester.Digester.parse(Digester.java:1470)
	at org.apache.catalina.users.MemoryUserDatabase.open(MemoryUserDatabase.java:430)
	at org.apache.catalina.users.MemoryUserDatabaseFactory.getObjectInstance(MemoryUserDatabaseFactory.java:102)
	at org.apache.naming.factory.FactoryBase.getObjectInstance(FactoryBase.java:94)
	at javax.naming.spi.NamingManager.getObjectInstance(NamingManager.java:321)
	at org.apache.naming.NamingContext.lookup(NamingContext.java:841)
	at org.apache.naming.NamingContext.lookup(NamingContext.java:166)
	at org.apache.catalina.realm.UserDatabaseRealm.startInternal(UserDatabaseRealm.java:232)
	at org.apache.catalina.util.LifecycleBase.start(LifecycleBase.java:150)
	at org.apache.catalina.realm.CombinedRealm.startInternal(CombinedRealm.java:249)
	at org.apache.catalina.realm.LockOutRealm.startInternal(LockOutRealm.java:120)
	at org.apache.catalina.util.LifecycleBase.start(LifecycleBase.java:150)
	at org.apache.catalina.core.ContainerBase.startInternal(ContainerBase.java:904)
	at org.apache.catalina.core.StandardEngine.startInternal(StandardEngine.java:262)
	at org.apache.catalina.util.LifecycleBase.start(LifecycleBase.java:150)
	at org.apache.catalina.core.StandardService.startInternal(StandardService.java:439)
	at org.apache.catalina.util.LifecycleBase.start(LifecycleBase.java:150)
	at org.apache.catalina.core.StandardServer.startInternal(StandardServer.java:769)
	at org.apache.catalina.util.LifecycleBase.start(LifecycleBase.java:150)
	at org.apache.catalina.startup.Catalina.start(Catalina.java:625)
	at sun.reflect.NativeMethodAccessorImpl.invoke0(Native Method)
	at sun.reflect.NativeMethodAccessorImpl.invoke(NativeMethodAccessorImpl.java:62)
	at sun.reflect.DelegatingMethodAccessorImpl.invoke(DelegatingMethodAccessorImpl.java:43)
	at java.lang.reflect.Method.invoke(Method.java:483)
	at org.apache.catalina.startup.Bootstrap.start(Bootstrap.java:351)
	at org.apache.catalina.startup.Bootstrap.main(Bootstrap.java:485)

01-Mar-2016 14:28:12.631 SEVERE [main] org.apache.catalina.realm.UserDatabaseRealm.startInternal Exception looking up UserDatabase under key UserDatabase
 javax.naming.NamingException: The markup in the document following the root element must be well-formed.
	at org.apache.naming.NamingContext.lookup(NamingContext.java:858)
	at org.apache.naming.NamingContext.lookup(NamingContext.java:166)
	at org.apache.catalina.realm.UserDatabaseRealm.startInternal(UserDatabaseRealm.java:232)
	at org.apache.catalina.util.LifecycleBase.start(LifecycleBase.java:150)
	at org.apache.catalina.realm.CombinedRealm.startInternal(CombinedRealm.java:249)
	at org.apache.catalina.realm.LockOutRealm.startInternal(LockOutRealm.java:120)
	at org.apache.catalina.util.LifecycleBase.start(LifecycleBase.java:150)
	at org.apache.catalina.core.ContainerBase.startInternal(ContainerBase.java:904)
	at org.apache.catalina.core.StandardEngine.startInternal(StandardEngine.java:262)
	at org.apache.catalina.util.LifecycleBase.start(LifecycleBase.java:150)
	at org.apache.catalina.core.StandardService.startInternal(StandardService.java:439)
	at org.apache.catalina.util.LifecycleBase.start(LifecycleBase.java:150)
	at org.apache.catalina.core.StandardServer.startInternal(StandardServer.java:769)
	at org.apache.catalina.util.LifecycleBase.start(LifecycleBase.java:150)
	at org.apache.catalina.startup.Catalina.start(Catalina.java:625)
	at sun.reflect.NativeMethodAccessorImpl.invoke0(Native Method)
	at sun.reflect.NativeMethodAccessorImpl.invoke(NativeMethodAccessorImpl.java:62)
	at sun.reflect.DelegatingMethodAccessorImpl.invoke(DelegatingMethodAccessorImpl.java:43)
	at java.lang.reflect.Method.invoke(Method.java:483)
	at org.apache.catalina.startup.Bootstrap.start(Bootstrap.java:351)
	at org.apache.catalina.startup.Bootstrap.main(Bootstrap.java:485)

01-Mar-2016 14:28:12.634 SEVERE [main] org.apache.catalina.realm.CombinedRealm.startInternal Failed to start "org.apache.catalina.realm.UserDatabaseRealm" realm
 org.apache.catalina.LifecycleException: Failed to start component [Realm[UserDatabaseRealm]]
	at org.apache.catalina.util.LifecycleBase.start(LifecycleBase.java:154)
	at org.apache.catalina.realm.CombinedRealm.startInternal(CombinedRealm.java:249)
	at org.apache.catalina.realm.LockOutRealm.startInternal(LockOutRealm.java:120)
	at org.apache.catalina.util.LifecycleBase.start(LifecycleBase.java:150)
	at org.apache.catalina.core.ContainerBase.startInternal(ContainerBase.java:904)
	at org.apache.catalina.core.StandardEngine.startInternal(StandardEngine.java:262)
	at org.apache.catalina.util.LifecycleBase.start(LifecycleBase.java:150)
	at org.apache.catalina.core.StandardService.startInternal(StandardService.java:439)
	at org.apache.catalina.util.LifecycleBase.start(LifecycleBase.java:150)
	at org.apache.catalina.core.StandardServer.startInternal(StandardServer.java:769)
	at org.apache.catalina.util.LifecycleBase.start(LifecycleBase.java:150)
	at org.apache.catalina.startup.Catalina.start(Catalina.java:625)
	at sun.reflect.NativeMethodAccessorImpl.invoke0(Native Method)
	at sun.reflect.NativeMethodAccessorImpl.invoke(NativeMethodAccessorImpl.java:62)
	at sun.reflect.DelegatingMethodAccessorImpl.invoke(DelegatingMethodAccessorImpl.java:43)
	at java.lang.reflect.Method.invoke(Method.java:483)
	at org.apache.catalina.startup.Bootstrap.start(Bootstrap.java:351)
	at org.apache.catalina.startup.Bootstrap.main(Bootstrap.java:485)
Caused by: org.apache.catalina.LifecycleException: No UserDatabase component found under key UserDatabase
	at org.apache.catalina.realm.UserDatabaseRealm.startInternal(UserDatabaseRealm.java:241)
	at org.apache.catalina.util.LifecycleBase.start(LifecycleBase.java:150)
	... 17 more

01-Mar-2016 14:28:12.703 INFO [localhost-startStop-1] org.apache.catalina.startup.HostConfig.deployDirectory Deploying web application directory /home/pi/apache-tomcat-8.0.24/webapps/host-manager
01-Mar-2016 14:28:15.011 INFO [localhost-startStop-1] org.apache.jasper.servlet.TldScanner.scanJars At least one JAR was scanned for TLDs yet contained no TLDs. Enable debug logging for this logger for a complete list of JARs that were scanned but no TLDs were found in them. Skipping unneeded JARs during scanning can improve startup time and JSP compilation time.
01-Mar-2016 14:28:15.247 INFO [localhost-startStop-1] org.apache.catalina.startup.HostConfig.deployDirectory Deployment of web application directory /home/pi/apache-tomcat-8.0.24/webapps/host-manager has finished in 2,541 ms
01-Mar-2016 14:28:15.248 INFO [localhost-startStop-1] org.apache.catalina.startup.HostConfig.deployDirectory Deploying web application directory /home/pi/apache-tomcat-8.0.24/webapps/IOT
01-Mar-2016 14:28:16.067 INFO [localhost-startStop-1] org.apache.jasper.servlet.TldScanner.scanJars At least one JAR was scanned for TLDs yet contained no TLDs. Enable debug logging for this logger for a complete list of JARs that were scanned but no TLDs were found in them. Skipping unneeded JARs during scanning can improve startup time and JSP compilation time.
01-Mar-2016 14:28:16.100 INFO [localhost-startStop-1] org.apache.catalina.startup.HostConfig.deployDirectory Deployment of web application directory /home/pi/apache-tomcat-8.0.24/webapps/IOT has finished in 851 ms
01-Mar-2016 14:28:16.101 INFO [localhost-startStop-1] org.apache.catalina.startup.HostConfig.deployDirectory Deploying web application directory /home/pi/apache-tomcat-8.0.24/webapps/ROOT
01-Mar-2016 14:28:16.879 INFO [localhost-startStop-1] org.apache.jasper.servlet.TldScanner.scanJars At least one JAR was scanned for TLDs yet contained no TLDs. Enable debug logging for this logger for a complete list of JARs that were scanned but no TLDs were found in them. Skipping unneeded JARs during scanning can improve startup time and JSP compilation time.
01-Mar-2016 14:28:16.907 INFO [localhost-startStop-1] org.apache.catalina.startup.HostConfig.deployDirectory Deployment of web application directory /home/pi/apache-tomcat-8.0.24/webapps/ROOT has finished in 805 ms
01-Mar-2016 14:28:16.908 INFO [localhost-startStop-1] org.apache.catalina.startup.HostConfig.deployDirectory Deploying web application directory /home/pi/apache-tomcat-8.0.24/webapps/manager
01-Mar-2016 14:28:17.574 INFO [localhost-startStop-1] org.apache.jasper.servlet.TldScanner.scanJars At least one JAR was scanned for TLDs yet contained no TLDs. Enable debug logging for this logger for a complete list of JARs that were scanned but no TLDs were found in them. Skipping unneeded JARs during scanning can improve startup time and JSP compilation time.
01-Mar-2016 14:28:17.584 INFO [localhost-startStop-1] org.apache.catalina.startup.HostConfig.deployDirectory Deployment of web application directory /home/pi/apache-tomcat-8.0.24/webapps/manager has finished in 675 ms
01-Mar-2016 14:28:17.585 INFO [localhost-startStop-1] org.apache.catalina.startup.HostConfig.deployDirectory Deploying web application directory /home/pi/apache-tomcat-8.0.24/webapps/examples
01-Mar-2016 14:28:19.185 INFO [localhost-startStop-1] org.apache.jasper.servlet.TldScanner.scanJars At least one JAR was scanned for TLDs yet contained no TLDs. Enable debug logging for this logger for a complete list of JARs that were scanned but no TLDs were found in them. Skipping unneeded JARs during scanning can improve startup time and JSP compilation time.
01-Mar-2016 14:28:19.270 INFO [localhost-startStop-1] org.apache.catalina.startup.HostConfig.deployDirectory Deployment of web application directory /home/pi/apache-tomcat-8.0.24/webapps/examples has finished in 1,684 ms
01-Mar-2016 14:28:19.271 INFO [localhost-startStop-1] org.apache.catalina.startup.HostConfig.deployDirectory Deploying web application directory /home/pi/apache-tomcat-8.0.24/webapps/docs
01-Mar-2016 14:28:20.024 INFO [localhost-startStop-1] org.apache.jasper.servlet.TldScanner.scanJars At least one JAR was scanned for TLDs yet contained no TLDs. Enable debug logging for this logger for a complete list of JARs that were scanned but no TLDs were found in them. Skipping unneeded JARs during scanning can improve startup time and JSP compilation time.
01-Mar-2016 14:28:20.033 INFO [localhost-startStop-1] org.apache.catalina.startup.HostConfig.deployDirectory Deployment of web application directory /home/pi/apache-tomcat-8.0.24/webapps/docs has finished in 761 ms
01-Mar-2016 14:28:20.053 INFO [main] org.apache.catalina.startup.Catalina.start Server startup in 7609 ms
01-Mar-2016 14:28:20.060 SEVERE [main] org.apache.catalina.core.StandardServer.await StandardServer.await: create[localhost:8005]: 
 java.net.BindException: Address already in use
	at java.net.PlainSocketImpl.socketBind(Native Method)
	at java.net.AbstractPlainSocketImpl.bind(AbstractPlainSocketImpl.java:382)
	at java.net.ServerSocket.bind(ServerSocket.java:375)
	at java.net.ServerSocket.<init>(ServerSocket.java:237)
	at org.apache.catalina.core.StandardServer.await(StandardServer.java:420)
	at org.apache.catalina.startup.Catalina.await(Catalina.java:713)
	at org.apache.catalina.startup.Catalina.start(Catalina.java:659)
	at sun.reflect.NativeMethodAccessorImpl.invoke0(Native Method)
	at sun.reflect.NativeMethodAccessorImpl.invoke(NativeMethodAccessorImpl.java:62)
	at sun.reflect.DelegatingMethodAccessorImpl.invoke(DelegatingMethodAccessorImpl.java:43)
	at java.lang.reflect.Method.invoke(Method.java:483)
	at org.apache.catalina.startup.Bootstrap.start(Bootstrap.java:351)
	at org.apache.catalina.startup.Bootstrap.main(Bootstrap.java:485)

01-Mar-2016 14:28:20.062 INFO [main] org.apache.coyote.AbstractProtocol.pause Pausing ProtocolHandler ["http-nio-8080"]
01-Mar-2016 14:28:20.063 INFO [main] org.apache.coyote.AbstractProtocol.pause Pausing ProtocolHandler ["ajp-nio-8009"]
01-Mar-2016 14:28:20.063 INFO [main] org.apache.coyote.AbstractProtocol.pause Pausing ProtocolHandler ["http-nio-8443"]
01-Mar-2016 14:28:20.064 INFO [main] org.apache.catalina.core.StandardService.stopInternal Stopping service Catalina
01-Mar-2016 14:28:20.254 INFO [main] org.apache.coyote.AbstractProtocol.stop Stopping ProtocolHandler ["http-nio-8080"]
01-Mar-2016 14:28:20.256 INFO [main] org.apache.coyote.AbstractProtocol.destroy Destroying ProtocolHandler ["http-nio-8080"]
01-Mar-2016 14:28:20.257 INFO [main] org.apache.coyote.AbstractProtocol.stop Stopping ProtocolHandler ["ajp-nio-8009"]
01-Mar-2016 14:28:20.258 INFO [main] org.apache.coyote.AbstractProtocol.destroy Destroying ProtocolHandler ["ajp-nio-8009"]
01-Mar-2016 14:28:20.260 INFO [main] org.apache.coyote.AbstractProtocol.stop Stopping ProtocolHandler ["http-nio-8443"]
01-Mar-2016 14:28:20.260 INFO [main] org.apache.coyote.AbstractProtocol.destroy Destroying ProtocolHandler ["http-nio-8443"]
