09-Mar-2016 09:38:03.538 INFO [localhost-startStop-1] org.apache.catalina.core.ApplicationContext.log ContextListener: contextInitialized()
09-Mar-2016 09:38:03.539 INFO [localhost-startStop-1] org.apache.catalina.core.ApplicationContext.log SessionListener: contextInitialized()
09-Mar-2016 09:46:09.579 INFO [localhost-startStop-1] org.apache.catalina.core.ApplicationContext.log ContextListener: contextInitialized()
09-Mar-2016 09:46:09.580 INFO [localhost-startStop-1] org.apache.catalina.core.ApplicationContext.log SessionListener: contextInitialized()
09-Mar-2016 09:46:10.482 INFO [localhost-startStop-1] org.apache.catalina.core.ApplicationContext.log SessionListener: contextDestroyed()
09-Mar-2016 09:46:10.483 INFO [localhost-startStop-1] org.apache.catalina.core.ApplicationContext.log ContextListener: contextDestroyed()
09-Mar-2016 10:16:05.183 INFO [localhost-startStop-2] org.apache.catalina.core.ApplicationContext.log SessionListener: contextDestroyed()
09-Mar-2016 10:16:05.183 INFO [localhost-startStop-2] org.apache.catalina.core.ApplicationContext.log ContextListener: contextDestroyed()
09-Mar-2016 10:18:49.191 INFO [localhost-startStop-1] org.apache.catalina.core.ApplicationContext.log ContextListener: contextInitialized()
09-Mar-2016 10:18:49.192 INFO [localhost-startStop-1] org.apache.catalina.core.ApplicationContext.log SessionListener: contextInitialized()
09-Mar-2016 10:19:17.679 INFO [localhost-startStop-1] org.apache.catalina.core.ApplicationContext.log ContextListener: contextInitialized()
09-Mar-2016 10:19:17.680 INFO [localhost-startStop-1] org.apache.catalina.core.ApplicationContext.log SessionListener: contextInitialized()
09-Mar-2016 10:19:18.573 INFO [localhost-startStop-1] org.apache.catalina.core.ApplicationContext.log SessionListener: contextDestroyed()
09-Mar-2016 10:19:18.574 INFO [localhost-startStop-1] org.apache.catalina.core.ApplicationContext.log ContextListener: contextDestroyed()
09-Mar-2016 10:41:44.187 INFO [localhost-startStop-2] org.apache.catalina.core.ApplicationContext.log SessionListener: contextDestroyed()
09-Mar-2016 10:41:44.187 INFO [localhost-startStop-2] org.apache.catalina.core.ApplicationContext.log ContextListener: contextDestroyed()
09-Mar-2016 10:44:26.731 INFO [localhost-startStop-1] org.apache.catalina.core.ApplicationContext.log ContextListener: contextInitialized()
09-Mar-2016 10:44:26.731 INFO [localhost-startStop-1] org.apache.catalina.core.ApplicationContext.log SessionListener: contextInitialized()
09-Mar-2016 10:45:12.074 INFO [localhost-startStop-1] org.apache.catalina.core.ApplicationContext.log ContextListener: contextInitialized()
09-Mar-2016 10:45:12.075 INFO [localhost-startStop-1] org.apache.catalina.core.ApplicationContext.log SessionListener: contextInitialized()
09-Mar-2016 10:45:13.013 INFO [localhost-startStop-1] org.apache.catalina.core.ApplicationContext.log SessionListener: contextDestroyed()
09-Mar-2016 10:45:13.014 INFO [localhost-startStop-1] org.apache.catalina.core.ApplicationContext.log ContextListener: contextDestroyed()
09-Mar-2016 10:55:16.009 INFO [localhost-startStop-1] org.apache.catalina.core.ApplicationContext.log ContextListener: contextInitialized()
09-Mar-2016 10:55:16.010 INFO [localhost-startStop-1] org.apache.catalina.core.ApplicationContext.log SessionListener: contextInitialized()
09-Mar-2016 10:55:16.929 INFO [localhost-startStop-1] org.apache.catalina.core.ApplicationContext.log SessionListener: contextDestroyed()
09-Mar-2016 10:55:16.929 INFO [localhost-startStop-1] org.apache.catalina.core.ApplicationContext.log ContextListener: contextDestroyed()
09-Mar-2016 11:07:53.489 SEVERE [http-nio-8443-exec-6] org.apache.catalina.core.StandardHostValve.custom Exception Processing ErrorPage[errorCode=401, location=/WEB-INF/jsp/401.jsp]
 javax.servlet.ServletException: java.lang.ClassFormatError: Truncated class file
	at org.apache.jasper.servlet.JspServlet.service(JspServlet.java:349)
	at javax.servlet.http.HttpServlet.service(HttpServlet.java:729)
	at org.apache.catalina.core.ApplicationFilterChain.internalDoFilter(ApplicationFilterChain.java:291)
	at org.apache.catalina.core.ApplicationFilterChain.doFilter(ApplicationFilterChain.java:206)
	at org.apache.catalina.core.ApplicationDispatcher.invoke(ApplicationDispatcher.java:721)
	at org.apache.catalina.core.ApplicationDispatcher.processRequest(ApplicationDispatcher.java:468)
	at org.apache.catalina.core.ApplicationDispatcher.doForward(ApplicationDispatcher.java:391)
	at org.apache.catalina.core.ApplicationDispatcher.forward(ApplicationDispatcher.java:318)
	at org.apache.catalina.core.StandardHostValve.custom(StandardHostValve.java:439)
	at org.apache.catalina.core.StandardHostValve.status(StandardHostValve.java:305)
	at org.apache.catalina.core.StandardHostValve.invoke(StandardHostValve.java:182)
	at org.apache.catalina.valves.ErrorReportValve.invoke(ErrorReportValve.java:79)
	at org.apache.catalina.valves.AbstractAccessLogValve.invoke(AbstractAccessLogValve.java:617)
	at org.apache.catalina.core.StandardEngineValve.invoke(StandardEngineValve.java:88)
	at org.apache.catalina.connector.CoyoteAdapter.service(CoyoteAdapter.java:518)
	at org.apache.coyote.http11.AbstractHttp11Processor.process(AbstractHttp11Processor.java:1091)
	at org.apache.coyote.AbstractProtocol$AbstractConnectionHandler.process(AbstractProtocol.java:668)
	at org.apache.tomcat.util.net.NioEndpoint$SocketProcessor.doRun(NioEndpoint.java:1527)
	at org.apache.tomcat.util.net.NioEndpoint$SocketProcessor.run(NioEndpoint.java:1484)
	at java.util.concurrent.ThreadPoolExecutor.runWorker(ThreadPoolExecutor.java:1142)
	at java.util.concurrent.ThreadPoolExecutor$Worker.run(ThreadPoolExecutor.java:617)
	at org.apache.tomcat.util.threads.TaskThread$WrappingRunnable.run(TaskThread.java:61)
	at java.lang.Thread.run(Thread.java:744)
Caused by: java.lang.ClassFormatError: Truncated class file
	at java.lang.ClassLoader.defineClass1(Native Method)
	at java.lang.ClassLoader.defineClass(ClassLoader.java:760)
	at java.security.SecureClassLoader.defineClass(SecureClassLoader.java:142)
	at java.net.URLClassLoader.defineClass(URLClassLoader.java:455)
	at java.net.URLClassLoader.access$100(URLClassLoader.java:73)
	at java.net.URLClassLoader$1.run(URLClassLoader.java:367)
	at java.net.URLClassLoader$1.run(URLClassLoader.java:361)
	at java.security.AccessController.doPrivileged(Native Method)
	at java.net.URLClassLoader.findClass(URLClassLoader.java:360)
	at org.apache.jasper.servlet.JasperLoader.loadClass(JasperLoader.java:131)
	at org.apache.jasper.servlet.JasperLoader.loadClass(JasperLoader.java:62)
	at org.apache.catalina.core.DefaultInstanceManager.newInstance(DefaultInstanceManager.java:129)
	at org.apache.jasper.servlet.JspServletWrapper.getServlet(JspServletWrapper.java:171)
	at org.apache.jasper.servlet.JspServletWrapper.service(JspServletWrapper.java:375)
	at org.apache.jasper.servlet.JspServlet.serviceJspFile(JspServlet.java:396)
	at org.apache.jasper.servlet.JspServlet.service(JspServlet.java:340)
	... 22 more

09-Mar-2016 11:07:59.633 SEVERE [http-nio-8443-exec-7] org.apache.catalina.core.StandardHostValve.custom Exception Processing ErrorPage[errorCode=401, location=/WEB-INF/jsp/401.jsp]
 javax.servlet.ServletException: java.lang.ClassFormatError: Truncated class file
	at org.apache.jasper.servlet.JspServlet.service(JspServlet.java:349)
	at javax.servlet.http.HttpServlet.service(HttpServlet.java:729)
	at org.apache.catalina.core.ApplicationFilterChain.internalDoFilter(ApplicationFilterChain.java:291)
	at org.apache.catalina.core.ApplicationFilterChain.doFilter(ApplicationFilterChain.java:206)
	at org.apache.catalina.core.ApplicationDispatcher.invoke(ApplicationDispatcher.java:721)
	at org.apache.catalina.core.ApplicationDispatcher.processRequest(ApplicationDispatcher.java:468)
	at org.apache.catalina.core.ApplicationDispatcher.doForward(ApplicationDispatcher.java:391)
	at org.apache.catalina.core.ApplicationDispatcher.forward(ApplicationDispatcher.java:318)
	at org.apache.catalina.core.StandardHostValve.custom(StandardHostValve.java:439)
	at org.apache.catalina.core.StandardHostValve.status(StandardHostValve.java:305)
	at org.apache.catalina.core.StandardHostValve.invoke(StandardHostValve.java:182)
	at org.apache.catalina.valves.ErrorReportValve.invoke(ErrorReportValve.java:79)
	at org.apache.catalina.valves.AbstractAccessLogValve.invoke(AbstractAccessLogValve.java:617)
	at org.apache.catalina.core.StandardEngineValve.invoke(StandardEngineValve.java:88)
	at org.apache.catalina.connector.CoyoteAdapter.service(CoyoteAdapter.java:518)
	at org.apache.coyote.http11.AbstractHttp11Processor.process(AbstractHttp11Processor.java:1091)
	at org.apache.coyote.AbstractProtocol$AbstractConnectionHandler.process(AbstractProtocol.java:668)
	at org.apache.tomcat.util.net.NioEndpoint$SocketProcessor.doRun(NioEndpoint.java:1527)
	at org.apache.tomcat.util.net.NioEndpoint$SocketProcessor.run(NioEndpoint.java:1484)
	at java.util.concurrent.ThreadPoolExecutor.runWorker(ThreadPoolExecutor.java:1142)
	at java.util.concurrent.ThreadPoolExecutor$Worker.run(ThreadPoolExecutor.java:617)
	at org.apache.tomcat.util.threads.TaskThread$WrappingRunnable.run(TaskThread.java:61)
	at java.lang.Thread.run(Thread.java:744)
Caused by: java.lang.ClassFormatError: Truncated class file
	at java.lang.ClassLoader.defineClass1(Native Method)
	at java.lang.ClassLoader.defineClass(ClassLoader.java:760)
	at java.security.SecureClassLoader.defineClass(SecureClassLoader.java:142)
	at java.net.URLClassLoader.defineClass(URLClassLoader.java:455)
	at java.net.URLClassLoader.access$100(URLClassLoader.java:73)
	at java.net.URLClassLoader$1.run(URLClassLoader.java:367)
	at java.net.URLClassLoader$1.run(URLClassLoader.java:361)
	at java.security.AccessController.doPrivileged(Native Method)
	at java.net.URLClassLoader.findClass(URLClassLoader.java:360)
	at org.apache.jasper.servlet.JasperLoader.loadClass(JasperLoader.java:131)
	at org.apache.jasper.servlet.JasperLoader.loadClass(JasperLoader.java:62)
	at org.apache.catalina.core.DefaultInstanceManager.newInstance(DefaultInstanceManager.java:129)
	at org.apache.jasper.servlet.JspServletWrapper.getServlet(JspServletWrapper.java:171)
	at org.apache.jasper.servlet.JspServletWrapper.service(JspServletWrapper.java:375)
	at org.apache.jasper.servlet.JspServlet.serviceJspFile(JspServlet.java:396)
	at org.apache.jasper.servlet.JspServlet.service(JspServlet.java:340)
	... 22 more

09-Mar-2016 11:08:06.502 SEVERE [http-nio-8443-exec-8] org.apache.catalina.core.StandardHostValve.custom Exception Processing ErrorPage[errorCode=401, location=/WEB-INF/jsp/401.jsp]
 javax.servlet.ServletException: java.lang.ClassFormatError: Truncated class file
	at org.apache.jasper.servlet.JspServlet.service(JspServlet.java:349)
	at javax.servlet.http.HttpServlet.service(HttpServlet.java:729)
	at org.apache.catalina.core.ApplicationFilterChain.internalDoFilter(ApplicationFilterChain.java:291)
	at org.apache.catalina.core.ApplicationFilterChain.doFilter(ApplicationFilterChain.java:206)
	at org.apache.catalina.core.ApplicationDispatcher.invoke(ApplicationDispatcher.java:721)
	at org.apache.catalina.core.ApplicationDispatcher.processRequest(ApplicationDispatcher.java:468)
	at org.apache.catalina.core.ApplicationDispatcher.doForward(ApplicationDispatcher.java:391)
	at org.apache.catalina.core.ApplicationDispatcher.forward(ApplicationDispatcher.java:318)
	at org.apache.catalina.core.StandardHostValve.custom(StandardHostValve.java:439)
	at org.apache.catalina.core.StandardHostValve.status(StandardHostValve.java:305)
	at org.apache.catalina.core.StandardHostValve.invoke(StandardHostValve.java:182)
	at org.apache.catalina.valves.ErrorReportValve.invoke(ErrorReportValve.java:79)
	at org.apache.catalina.valves.AbstractAccessLogValve.invoke(AbstractAccessLogValve.java:617)
	at org.apache.catalina.core.StandardEngineValve.invoke(StandardEngineValve.java:88)
	at org.apache.catalina.connector.CoyoteAdapter.service(CoyoteAdapter.java:518)
	at org.apache.coyote.http11.AbstractHttp11Processor.process(AbstractHttp11Processor.java:1091)
	at org.apache.coyote.AbstractProtocol$AbstractConnectionHandler.process(AbstractProtocol.java:668)
	at org.apache.tomcat.util.net.NioEndpoint$SocketProcessor.doRun(NioEndpoint.java:1527)
	at org.apache.tomcat.util.net.NioEndpoint$SocketProcessor.run(NioEndpoint.java:1484)
	at java.util.concurrent.ThreadPoolExecutor.runWorker(ThreadPoolExecutor.java:1142)
	at java.util.concurrent.ThreadPoolExecutor$Worker.run(ThreadPoolExecutor.java:617)
	at org.apache.tomcat.util.threads.TaskThread$WrappingRunnable.run(TaskThread.java:61)
	at java.lang.Thread.run(Thread.java:744)
Caused by: java.lang.ClassFormatError: Truncated class file
	at java.lang.ClassLoader.defineClass1(Native Method)
	at java.lang.ClassLoader.defineClass(ClassLoader.java:760)
	at java.security.SecureClassLoader.defineClass(SecureClassLoader.java:142)
	at java.net.URLClassLoader.defineClass(URLClassLoader.java:455)
	at java.net.URLClassLoader.access$100(URLClassLoader.java:73)
	at java.net.URLClassLoader$1.run(URLClassLoader.java:367)
	at java.net.URLClassLoader$1.run(URLClassLoader.java:361)
	at java.security.AccessController.doPrivileged(Native Method)
	at java.net.URLClassLoader.findClass(URLClassLoader.java:360)
	at org.apache.jasper.servlet.JasperLoader.loadClass(JasperLoader.java:131)
	at org.apache.jasper.servlet.JasperLoader.loadClass(JasperLoader.java:62)
	at org.apache.catalina.core.DefaultInstanceManager.newInstance(DefaultInstanceManager.java:129)
	at org.apache.jasper.servlet.JspServletWrapper.getServlet(JspServletWrapper.java:171)
	at org.apache.jasper.servlet.JspServletWrapper.service(JspServletWrapper.java:375)
	at org.apache.jasper.servlet.JspServlet.serviceJspFile(JspServlet.java:396)
	at org.apache.jasper.servlet.JspServlet.service(JspServlet.java:340)
	... 22 more

09-Mar-2016 11:08:22.219 SEVERE [http-nio-8443-exec-1] org.apache.catalina.core.StandardHostValve.custom Exception Processing ErrorPage[errorCode=401, location=/WEB-INF/jsp/401.jsp]
 javax.servlet.ServletException: java.lang.ClassFormatError: Truncated class file
	at org.apache.jasper.servlet.JspServlet.service(JspServlet.java:349)
	at javax.servlet.http.HttpServlet.service(HttpServlet.java:729)
	at org.apache.catalina.core.ApplicationFilterChain.internalDoFilter(ApplicationFilterChain.java:291)
	at org.apache.catalina.core.ApplicationFilterChain.doFilter(ApplicationFilterChain.java:206)
	at org.apache.catalina.core.ApplicationDispatcher.invoke(ApplicationDispatcher.java:721)
	at org.apache.catalina.core.ApplicationDispatcher.processRequest(ApplicationDispatcher.java:468)
	at org.apache.catalina.core.ApplicationDispatcher.doForward(ApplicationDispatcher.java:391)
	at org.apache.catalina.core.ApplicationDispatcher.forward(ApplicationDispatcher.java:318)
	at org.apache.catalina.core.StandardHostValve.custom(StandardHostValve.java:439)
	at org.apache.catalina.core.StandardHostValve.status(StandardHostValve.java:305)
	at org.apache.catalina.core.StandardHostValve.invoke(StandardHostValve.java:182)
	at org.apache.catalina.valves.ErrorReportValve.invoke(ErrorReportValve.java:79)
	at org.apache.catalina.valves.AbstractAccessLogValve.invoke(AbstractAccessLogValve.java:617)
	at org.apache.catalina.core.StandardEngineValve.invoke(StandardEngineValve.java:88)
	at org.apache.catalina.connector.CoyoteAdapter.service(CoyoteAdapter.java:518)
	at org.apache.coyote.http11.AbstractHttp11Processor.process(AbstractHttp11Processor.java:1091)
	at org.apache.coyote.AbstractProtocol$AbstractConnectionHandler.process(AbstractProtocol.java:668)
	at org.apache.tomcat.util.net.NioEndpoint$SocketProcessor.doRun(NioEndpoint.java:1527)
	at org.apache.tomcat.util.net.NioEndpoint$SocketProcessor.run(NioEndpoint.java:1484)
	at java.util.concurrent.ThreadPoolExecutor.runWorker(ThreadPoolExecutor.java:1142)
	at java.util.concurrent.ThreadPoolExecutor$Worker.run(ThreadPoolExecutor.java:617)
	at org.apache.tomcat.util.threads.TaskThread$WrappingRunnable.run(TaskThread.java:61)
	at java.lang.Thread.run(Thread.java:744)
Caused by: java.lang.ClassFormatError: Truncated class file
	at java.lang.ClassLoader.defineClass1(Native Method)
	at java.lang.ClassLoader.defineClass(ClassLoader.java:760)
	at java.security.SecureClassLoader.defineClass(SecureClassLoader.java:142)
	at java.net.URLClassLoader.defineClass(URLClassLoader.java:455)
	at java.net.URLClassLoader.access$100(URLClassLoader.java:73)
	at java.net.URLClassLoader$1.run(URLClassLoader.java:367)
	at java.net.URLClassLoader$1.run(URLClassLoader.java:361)
	at java.security.AccessController.doPrivileged(Native Method)
	at java.net.URLClassLoader.findClass(URLClassLoader.java:360)
	at org.apache.jasper.servlet.JasperLoader.loadClass(JasperLoader.java:131)
	at org.apache.jasper.servlet.JasperLoader.loadClass(JasperLoader.java:62)
	at org.apache.catalina.core.DefaultInstanceManager.newInstance(DefaultInstanceManager.java:129)
	at org.apache.jasper.servlet.JspServletWrapper.getServlet(JspServletWrapper.java:171)
	at org.apache.jasper.servlet.JspServletWrapper.service(JspServletWrapper.java:375)
	at org.apache.jasper.servlet.JspServlet.serviceJspFile(JspServlet.java:396)
	at org.apache.jasper.servlet.JspServlet.service(JspServlet.java:340)
	... 22 more

09-Mar-2016 11:08:30.410 SEVERE [http-nio-8443-exec-3] org.apache.catalina.core.StandardHostValve.custom Exception Processing ErrorPage[errorCode=401, location=/WEB-INF/jsp/401.jsp]
 javax.servlet.ServletException: java.lang.ClassFormatError: Truncated class file
	at org.apache.jasper.servlet.JspServlet.service(JspServlet.java:349)
	at javax.servlet.http.HttpServlet.service(HttpServlet.java:729)
	at org.apache.catalina.core.ApplicationFilterChain.internalDoFilter(ApplicationFilterChain.java:291)
	at org.apache.catalina.core.ApplicationFilterChain.doFilter(ApplicationFilterChain.java:206)
	at org.apache.catalina.core.ApplicationDispatcher.invoke(ApplicationDispatcher.java:721)
	at org.apache.catalina.core.ApplicationDispatcher.processRequest(ApplicationDispatcher.java:468)
	at org.apache.catalina.core.ApplicationDispatcher.doForward(ApplicationDispatcher.java:391)
	at org.apache.catalina.core.ApplicationDispatcher.forward(ApplicationDispatcher.java:318)
	at org.apache.catalina.core.StandardHostValve.custom(StandardHostValve.java:439)
	at org.apache.catalina.core.StandardHostValve.status(StandardHostValve.java:305)
	at org.apache.catalina.core.StandardHostValve.invoke(StandardHostValve.java:182)
	at org.apache.catalina.valves.ErrorReportValve.invoke(ErrorReportValve.java:79)
	at org.apache.catalina.valves.AbstractAccessLogValve.invoke(AbstractAccessLogValve.java:617)
	at org.apache.catalina.core.StandardEngineValve.invoke(StandardEngineValve.java:88)
	at org.apache.catalina.connector.CoyoteAdapter.service(CoyoteAdapter.java:518)
	at org.apache.coyote.http11.AbstractHttp11Processor.process(AbstractHttp11Processor.java:1091)
	at org.apache.coyote.AbstractProtocol$AbstractConnectionHandler.process(AbstractProtocol.java:668)
	at org.apache.tomcat.util.net.NioEndpoint$SocketProcessor.doRun(NioEndpoint.java:1527)
	at org.apache.tomcat.util.net.NioEndpoint$SocketProcessor.run(NioEndpoint.java:1484)
	at java.util.concurrent.ThreadPoolExecutor.runWorker(ThreadPoolExecutor.java:1142)
	at java.util.concurrent.ThreadPoolExecutor$Worker.run(ThreadPoolExecutor.java:617)
	at org.apache.tomcat.util.threads.TaskThread$WrappingRunnable.run(TaskThread.java:61)
	at java.lang.Thread.run(Thread.java:744)
Caused by: java.lang.ClassFormatError: Truncated class file
	at java.lang.ClassLoader.defineClass1(Native Method)
	at java.lang.ClassLoader.defineClass(ClassLoader.java:760)
	at java.security.SecureClassLoader.defineClass(SecureClassLoader.java:142)
	at java.net.URLClassLoader.defineClass(URLClassLoader.java:455)
	at java.net.URLClassLoader.access$100(URLClassLoader.java:73)
	at java.net.URLClassLoader$1.run(URLClassLoader.java:367)
	at java.net.URLClassLoader$1.run(URLClassLoader.java:361)
	at java.security.AccessController.doPrivileged(Native Method)
	at java.net.URLClassLoader.findClass(URLClassLoader.java:360)
	at org.apache.jasper.servlet.JasperLoader.loadClass(JasperLoader.java:131)
	at org.apache.jasper.servlet.JasperLoader.loadClass(JasperLoader.java:62)
	at org.apache.catalina.core.DefaultInstanceManager.newInstance(DefaultInstanceManager.java:129)
	at org.apache.jasper.servlet.JspServletWrapper.getServlet(JspServletWrapper.java:171)
	at org.apache.jasper.servlet.JspServletWrapper.service(JspServletWrapper.java:375)
	at org.apache.jasper.servlet.JspServlet.serviceJspFile(JspServlet.java:396)
	at org.apache.jasper.servlet.JspServlet.service(JspServlet.java:340)
	... 22 more

09-Mar-2016 11:08:36.975 SEVERE [http-nio-8443-exec-5] org.apache.catalina.core.StandardHostValve.custom Exception Processing ErrorPage[errorCode=401, location=/WEB-INF/jsp/401.jsp]
 javax.servlet.ServletException: java.lang.ClassFormatError: Truncated class file
	at org.apache.jasper.servlet.JspServlet.service(JspServlet.java:349)
	at javax.servlet.http.HttpServlet.service(HttpServlet.java:729)
	at org.apache.catalina.core.ApplicationFilterChain.internalDoFilter(ApplicationFilterChain.java:291)
	at org.apache.catalina.core.ApplicationFilterChain.doFilter(ApplicationFilterChain.java:206)
	at org.apache.catalina.core.ApplicationDispatcher.invoke(ApplicationDispatcher.java:721)
	at org.apache.catalina.core.ApplicationDispatcher.processRequest(ApplicationDispatcher.java:468)
	at org.apache.catalina.core.ApplicationDispatcher.doForward(ApplicationDispatcher.java:391)
	at org.apache.catalina.core.ApplicationDispatcher.forward(ApplicationDispatcher.java:318)
	at org.apache.catalina.core.StandardHostValve.custom(StandardHostValve.java:439)
	at org.apache.catalina.core.StandardHostValve.status(StandardHostValve.java:305)
	at org.apache.catalina.core.StandardHostValve.invoke(StandardHostValve.java:182)
	at org.apache.catalina.valves.ErrorReportValve.invoke(ErrorReportValve.java:79)
	at org.apache.catalina.valves.AbstractAccessLogValve.invoke(AbstractAccessLogValve.java:617)
	at org.apache.catalina.core.StandardEngineValve.invoke(StandardEngineValve.java:88)
	at org.apache.catalina.connector.CoyoteAdapter.service(CoyoteAdapter.java:518)
	at org.apache.coyote.http11.AbstractHttp11Processor.process(AbstractHttp11Processor.java:1091)
	at org.apache.coyote.AbstractProtocol$AbstractConnectionHandler.process(AbstractProtocol.java:668)
	at org.apache.tomcat.util.net.NioEndpoint$SocketProcessor.doRun(NioEndpoint.java:1527)
	at org.apache.tomcat.util.net.NioEndpoint$SocketProcessor.run(NioEndpoint.java:1484)
	at java.util.concurrent.ThreadPoolExecutor.runWorker(ThreadPoolExecutor.java:1142)
	at java.util.concurrent.ThreadPoolExecutor$Worker.run(ThreadPoolExecutor.java:617)
	at org.apache.tomcat.util.threads.TaskThread$WrappingRunnable.run(TaskThread.java:61)
	at java.lang.Thread.run(Thread.java:744)
Caused by: java.lang.ClassFormatError: Truncated class file
	at java.lang.ClassLoader.defineClass1(Native Method)
	at java.lang.ClassLoader.defineClass(ClassLoader.java:760)
	at java.security.SecureClassLoader.defineClass(SecureClassLoader.java:142)
	at java.net.URLClassLoader.defineClass(URLClassLoader.java:455)
	at java.net.URLClassLoader.access$100(URLClassLoader.java:73)
	at java.net.URLClassLoader$1.run(URLClassLoader.java:367)
	at java.net.URLClassLoader$1.run(URLClassLoader.java:361)
	at java.security.AccessController.doPrivileged(Native Method)
	at java.net.URLClassLoader.findClass(URLClassLoader.java:360)
	at org.apache.jasper.servlet.JasperLoader.loadClass(JasperLoader.java:131)
	at org.apache.jasper.servlet.JasperLoader.loadClass(JasperLoader.java:62)
	at org.apache.catalina.core.DefaultInstanceManager.newInstance(DefaultInstanceManager.java:129)
	at org.apache.jasper.servlet.JspServletWrapper.getServlet(JspServletWrapper.java:171)
	at org.apache.jasper.servlet.JspServletWrapper.service(JspServletWrapper.java:375)
	at org.apache.jasper.servlet.JspServlet.serviceJspFile(JspServlet.java:396)
	at org.apache.jasper.servlet.JspServlet.service(JspServlet.java:340)
	... 22 more

09-Mar-2016 11:08:44.042 SEVERE [http-nio-8443-exec-2] org.apache.catalina.core.StandardHostValve.custom Exception Processing ErrorPage[errorCode=401, location=/WEB-INF/jsp/401.jsp]
 javax.servlet.ServletException: java.lang.ClassFormatError: Truncated class file
	at org.apache.jasper.servlet.JspServlet.service(JspServlet.java:349)
	at javax.servlet.http.HttpServlet.service(HttpServlet.java:729)
	at org.apache.catalina.core.ApplicationFilterChain.internalDoFilter(ApplicationFilterChain.java:291)
	at org.apache.catalina.core.ApplicationFilterChain.doFilter(ApplicationFilterChain.java:206)
	at org.apache.catalina.core.ApplicationDispatcher.invoke(ApplicationDispatcher.java:721)
	at org.apache.catalina.core.ApplicationDispatcher.processRequest(ApplicationDispatcher.java:468)
	at org.apache.catalina.core.ApplicationDispatcher.doForward(ApplicationDispatcher.java:391)
	at org.apache.catalina.core.ApplicationDispatcher.forward(ApplicationDispatcher.java:318)
	at org.apache.catalina.core.StandardHostValve.custom(StandardHostValve.java:439)
	at org.apache.catalina.core.StandardHostValve.status(StandardHostValve.java:305)
	at org.apache.catalina.core.StandardHostValve.invoke(StandardHostValve.java:182)
	at org.apache.catalina.valves.ErrorReportValve.invoke(ErrorReportValve.java:79)
	at org.apache.catalina.valves.AbstractAccessLogValve.invoke(AbstractAccessLogValve.java:617)
	at org.apache.catalina.core.StandardEngineValve.invoke(StandardEngineValve.java:88)
	at org.apache.catalina.connector.CoyoteAdapter.service(CoyoteAdapter.java:518)
	at org.apache.coyote.http11.AbstractHttp11Processor.process(AbstractHttp11Processor.java:1091)
	at org.apache.coyote.AbstractProtocol$AbstractConnectionHandler.process(AbstractProtocol.java:668)
	at org.apache.tomcat.util.net.NioEndpoint$SocketProcessor.doRun(NioEndpoint.java:1527)
	at org.apache.tomcat.util.net.NioEndpoint$SocketProcessor.run(NioEndpoint.java:1484)
	at java.util.concurrent.ThreadPoolExecutor.runWorker(ThreadPoolExecutor.java:1142)
	at java.util.concurrent.ThreadPoolExecutor$Worker.run(ThreadPoolExecutor.java:617)
	at org.apache.tomcat.util.threads.TaskThread$WrappingRunnable.run(TaskThread.java:61)
	at java.lang.Thread.run(Thread.java:744)
Caused by: java.lang.ClassFormatError: Truncated class file
	at java.lang.ClassLoader.defineClass1(Native Method)
	at java.lang.ClassLoader.defineClass(ClassLoader.java:760)
	at java.security.SecureClassLoader.defineClass(SecureClassLoader.java:142)
	at java.net.URLClassLoader.defineClass(URLClassLoader.java:455)
	at java.net.URLClassLoader.access$100(URLClassLoader.java:73)
	at java.net.URLClassLoader$1.run(URLClassLoader.java:367)
	at java.net.URLClassLoader$1.run(URLClassLoader.java:361)
	at java.security.AccessController.doPrivileged(Native Method)
	at java.net.URLClassLoader.findClass(URLClassLoader.java:360)
	at org.apache.jasper.servlet.JasperLoader.loadClass(JasperLoader.java:131)
	at org.apache.jasper.servlet.JasperLoader.loadClass(JasperLoader.java:62)
	at org.apache.catalina.core.DefaultInstanceManager.newInstance(DefaultInstanceManager.java:129)
	at org.apache.jasper.servlet.JspServletWrapper.getServlet(JspServletWrapper.java:171)
	at org.apache.jasper.servlet.JspServletWrapper.service(JspServletWrapper.java:375)
	at org.apache.jasper.servlet.JspServlet.serviceJspFile(JspServlet.java:396)
	at org.apache.jasper.servlet.JspServlet.service(JspServlet.java:340)
	... 22 more

09-Mar-2016 11:08:49.153 SEVERE [http-nio-8443-exec-6] org.apache.catalina.core.StandardHostValve.custom Exception Processing ErrorPage[errorCode=401, location=/WEB-INF/jsp/401.jsp]
 javax.servlet.ServletException: java.lang.ClassFormatError: Truncated class file
	at org.apache.jasper.servlet.JspServlet.service(JspServlet.java:349)
	at javax.servlet.http.HttpServlet.service(HttpServlet.java:729)
	at org.apache.catalina.core.ApplicationFilterChain.internalDoFilter(ApplicationFilterChain.java:291)
	at org.apache.catalina.core.ApplicationFilterChain.doFilter(ApplicationFilterChain.java:206)
	at org.apache.catalina.core.ApplicationDispatcher.invoke(ApplicationDispatcher.java:721)
	at org.apache.catalina.core.ApplicationDispatcher.processRequest(ApplicationDispatcher.java:468)
	at org.apache.catalina.core.ApplicationDispatcher.doForward(ApplicationDispatcher.java:391)
	at org.apache.catalina.core.ApplicationDispatcher.forward(ApplicationDispatcher.java:318)
	at org.apache.catalina.core.StandardHostValve.custom(StandardHostValve.java:439)
	at org.apache.catalina.core.StandardHostValve.status(StandardHostValve.java:305)
	at org.apache.catalina.core.StandardHostValve.invoke(StandardHostValve.java:182)
	at org.apache.catalina.valves.ErrorReportValve.invoke(ErrorReportValve.java:79)
	at org.apache.catalina.valves.AbstractAccessLogValve.invoke(AbstractAccessLogValve.java:617)
	at org.apache.catalina.core.StandardEngineValve.invoke(StandardEngineValve.java:88)
	at org.apache.catalina.connector.CoyoteAdapter.service(CoyoteAdapter.java:518)
	at org.apache.coyote.http11.AbstractHttp11Processor.process(AbstractHttp11Processor.java:1091)
	at org.apache.coyote.AbstractProtocol$AbstractConnectionHandler.process(AbstractProtocol.java:668)
	at org.apache.tomcat.util.net.NioEndpoint$SocketProcessor.doRun(NioEndpoint.java:1527)
	at org.apache.tomcat.util.net.NioEndpoint$SocketProcessor.run(NioEndpoint.java:1484)
	at java.util.concurrent.ThreadPoolExecutor.runWorker(ThreadPoolExecutor.java:1142)
	at java.util.concurrent.ThreadPoolExecutor$Worker.run(ThreadPoolExecutor.java:617)
	at org.apache.tomcat.util.threads.TaskThread$WrappingRunnable.run(TaskThread.java:61)
	at java.lang.Thread.run(Thread.java:744)
Caused by: java.lang.ClassFormatError: Truncated class file
	at java.lang.ClassLoader.defineClass1(Native Method)
	at java.lang.ClassLoader.defineClass(ClassLoader.java:760)
	at java.security.SecureClassLoader.defineClass(SecureClassLoader.java:142)
	at java.net.URLClassLoader.defineClass(URLClassLoader.java:455)
	at java.net.URLClassLoader.access$100(URLClassLoader.java:73)
	at java.net.URLClassLoader$1.run(URLClassLoader.java:367)
	at java.net.URLClassLoader$1.run(URLClassLoader.java:361)
	at java.security.AccessController.doPrivileged(Native Method)
	at java.net.URLClassLoader.findClass(URLClassLoader.java:360)
	at org.apache.jasper.servlet.JasperLoader.loadClass(JasperLoader.java:131)
	at org.apache.jasper.servlet.JasperLoader.loadClass(JasperLoader.java:62)
	at org.apache.catalina.core.DefaultInstanceManager.newInstance(DefaultInstanceManager.java:129)
	at org.apache.jasper.servlet.JspServletWrapper.getServlet(JspServletWrapper.java:171)
	at org.apache.jasper.servlet.JspServletWrapper.service(JspServletWrapper.java:375)
	at org.apache.jasper.servlet.JspServlet.serviceJspFile(JspServlet.java:396)
	at org.apache.jasper.servlet.JspServlet.service(JspServlet.java:340)
	... 22 more

09-Mar-2016 11:15:59.830 INFO [localhost-startStop-2] org.apache.catalina.core.ApplicationContext.log SessionListener: contextDestroyed()
09-Mar-2016 11:15:59.830 INFO [localhost-startStop-2] org.apache.catalina.core.ApplicationContext.log ContextListener: contextDestroyed()
09-Mar-2016 11:19:14.131 INFO [localhost-startStop-1] org.apache.catalina.core.ApplicationContext.log ContextListener: contextInitialized()
09-Mar-2016 11:19:14.132 INFO [localhost-startStop-1] org.apache.catalina.core.ApplicationContext.log SessionListener: contextInitialized()
09-Mar-2016 11:32:05.777 INFO [localhost-startStop-2] org.apache.catalina.core.ApplicationContext.log SessionListener: contextDestroyed()
09-Mar-2016 11:32:05.778 INFO [localhost-startStop-2] org.apache.catalina.core.ApplicationContext.log ContextListener: contextDestroyed()
09-Mar-2016 11:34:11.655 INFO [localhost-startStop-1] org.apache.catalina.core.ApplicationContext.log ContextListener: contextInitialized()
09-Mar-2016 11:34:11.656 INFO [localhost-startStop-1] org.apache.catalina.core.ApplicationContext.log SessionListener: contextInitialized()
09-Mar-2016 11:45:28.742 INFO [localhost-startStop-2] org.apache.catalina.core.ApplicationContext.log SessionListener: contextDestroyed()
09-Mar-2016 11:45:28.743 INFO [localhost-startStop-2] org.apache.catalina.core.ApplicationContext.log ContextListener: contextDestroyed()
09-Mar-2016 11:46:01.453 INFO [localhost-startStop-1] org.apache.catalina.core.ApplicationContext.log ContextListener: contextInitialized()
09-Mar-2016 11:46:01.454 INFO [localhost-startStop-1] org.apache.catalina.core.ApplicationContext.log SessionListener: contextInitialized()
09-Mar-2016 12:09:29.450 INFO [localhost-startStop-2] org.apache.catalina.core.ApplicationContext.log SessionListener: contextDestroyed()
09-Mar-2016 12:09:29.450 INFO [localhost-startStop-2] org.apache.catalina.core.ApplicationContext.log ContextListener: contextDestroyed()
09-Mar-2016 12:14:52.151 INFO [localhost-startStop-1] org.apache.catalina.core.ApplicationContext.log ContextListener: contextInitialized()
09-Mar-2016 12:14:52.152 INFO [localhost-startStop-1] org.apache.catalina.core.ApplicationContext.log SessionListener: contextInitialized()
09-Mar-2016 13:36:59.847 INFO [localhost-startStop-1] org.apache.catalina.core.ApplicationContext.log ContextListener: contextInitialized()
09-Mar-2016 13:36:59.848 INFO [localhost-startStop-1] org.apache.catalina.core.ApplicationContext.log SessionListener: contextInitialized()
09-Mar-2016 13:37:00.785 INFO [localhost-startStop-1] org.apache.catalina.core.ApplicationContext.log SessionListener: contextDestroyed()
09-Mar-2016 13:37:00.785 INFO [localhost-startStop-1] org.apache.catalina.core.ApplicationContext.log ContextListener: contextDestroyed()
09-Mar-2016 13:52:20.281 INFO [localhost-startStop-2] org.apache.catalina.core.ApplicationContext.log SessionListener: contextDestroyed()
09-Mar-2016 13:52:20.282 INFO [localhost-startStop-2] org.apache.catalina.core.ApplicationContext.log ContextListener: contextDestroyed()
09-Mar-2016 13:55:19.045 INFO [localhost-startStop-1] org.apache.catalina.core.ApplicationContext.log ContextListener: contextInitialized()
09-Mar-2016 13:55:19.046 INFO [localhost-startStop-1] org.apache.catalina.core.ApplicationContext.log SessionListener: contextInitialized()
09-Mar-2016 13:57:23.343 INFO [localhost-startStop-1] org.apache.catalina.core.ApplicationContext.log ContextListener: contextInitialized()
09-Mar-2016 13:57:23.343 INFO [localhost-startStop-1] org.apache.catalina.core.ApplicationContext.log SessionListener: contextInitialized()
09-Mar-2016 13:57:24.282 INFO [localhost-startStop-1] org.apache.catalina.core.ApplicationContext.log SessionListener: contextDestroyed()
09-Mar-2016 13:57:24.282 INFO [localhost-startStop-1] org.apache.catalina.core.ApplicationContext.log ContextListener: contextDestroyed()
09-Mar-2016 14:23:25.667 INFO [localhost-startStop-2] org.apache.catalina.core.ApplicationContext.log SessionListener: contextDestroyed()
09-Mar-2016 14:23:25.668 INFO [localhost-startStop-2] org.apache.catalina.core.ApplicationContext.log ContextListener: contextDestroyed()
09-Mar-2016 14:23:57.468 INFO [localhost-startStop-1] org.apache.catalina.core.ApplicationContext.log ContextListener: contextInitialized()
09-Mar-2016 14:23:57.469 INFO [localhost-startStop-1] org.apache.catalina.core.ApplicationContext.log SessionListener: contextInitialized()
09-Mar-2016 14:32:12.382 INFO [localhost-startStop-2] org.apache.catalina.core.ApplicationContext.log SessionListener: contextDestroyed()
09-Mar-2016 14:32:12.383 INFO [localhost-startStop-2] org.apache.catalina.core.ApplicationContext.log ContextListener: contextDestroyed()
09-Mar-2016 14:32:39.960 INFO [localhost-startStop-1] org.apache.catalina.core.ApplicationContext.log ContextListener: contextInitialized()
09-Mar-2016 14:32:39.960 INFO [localhost-startStop-1] org.apache.catalina.core.ApplicationContext.log SessionListener: contextInitialized()
09-Mar-2016 15:06:45.007 INFO [localhost-startStop-2] org.apache.catalina.core.ApplicationContext.log SessionListener: contextDestroyed()
09-Mar-2016 15:06:45.007 INFO [localhost-startStop-2] org.apache.catalina.core.ApplicationContext.log ContextListener: contextDestroyed()
09-Mar-2016 15:07:11.286 INFO [localhost-startStop-1] org.apache.catalina.core.ApplicationContext.log ContextListener: contextInitialized()
09-Mar-2016 15:07:11.287 INFO [localhost-startStop-1] org.apache.catalina.core.ApplicationContext.log SessionListener: contextInitialized()
09-Mar-2016 15:44:05.545 INFO [localhost-startStop-2] org.apache.catalina.core.ApplicationContext.log SessionListener: contextDestroyed()
09-Mar-2016 15:44:05.546 INFO [localhost-startStop-2] org.apache.catalina.core.ApplicationContext.log ContextListener: contextDestroyed()
