09-Mar-2016 11:07:53.488 SEVERE [http-nio-8443-exec-6] org.apache.catalina.core.ApplicationDispatcher.invoke Servlet.service() for servlet jsp threw exception
 java.lang.ClassFormatError: Truncated class file
	at java.lang.ClassLoader.defineClass1(Native Method)
	at java.lang.ClassLoader.defineClass(ClassLoader.java:760)
	at java.security.SecureClassLoader.defineClass(SecureClassLoader.java:142)
	at java.net.URLClassLoader.defineClass(URLClassLoader.java:455)
	at java.net.URLClassLoader.access$100(URLClassLoader.java:73)
	at java.net.URLClassLoader$1.run(URLClassLoader.java:367)
	at java.net.URLClassLoader$1.run(URLClassLoader.java:361)
	at java.security.AccessController.doPrivileged(Native Method)
	at java.net.URLClassLoader.findClass(URLClassLoader.java:360)
	at org.apache.jasper.servlet.JasperLoader.loadClass(JasperLoader.java:131)
	at org.apache.jasper.servlet.JasperLoader.loadClass(JasperLoader.java:62)
	at org.apache.catalina.core.DefaultInstanceManager.newInstance(DefaultInstanceManager.java:129)
	at org.apache.jasper.servlet.JspServletWrapper.getServlet(JspServletWrapper.java:171)
	at org.apache.jasper.servlet.JspServletWrapper.service(JspServletWrapper.java:375)
	at org.apache.jasper.servlet.JspServlet.serviceJspFile(JspServlet.java:396)
	at org.apache.jasper.servlet.JspServlet.service(JspServlet.java:340)
	at javax.servlet.http.HttpServlet.service(HttpServlet.java:729)
	at org.apache.catalina.core.ApplicationFilterChain.internalDoFilter(ApplicationFilterChain.java:291)
	at org.apache.catalina.core.ApplicationFilterChain.doFilter(ApplicationFilterChain.java:206)
	at org.apache.catalina.core.ApplicationDispatcher.invoke(ApplicationDispatcher.java:721)
	at org.apache.catalina.core.ApplicationDispatcher.processRequest(ApplicationDispatcher.java:468)
	at org.apache.catalina.core.ApplicationDispatcher.doForward(ApplicationDispatcher.java:391)
	at org.apache.catalina.core.ApplicationDispatcher.forward(ApplicationDispatcher.java:318)
	at org.apache.catalina.core.StandardHostValve.custom(StandardHostValve.java:439)
	at org.apache.catalina.core.StandardHostValve.status(StandardHostValve.java:305)
	at org.apache.catalina.core.StandardHostValve.invoke(StandardHostValve.java:182)
	at org.apache.catalina.valves.ErrorReportValve.invoke(ErrorReportValve.java:79)
	at org.apache.catalina.valves.AbstractAccessLogValve.invoke(AbstractAccessLogValve.java:617)
	at org.apache.catalina.core.StandardEngineValve.invoke(StandardEngineValve.java:88)
	at org.apache.catalina.connector.CoyoteAdapter.service(CoyoteAdapter.java:518)
	at org.apache.coyote.http11.AbstractHttp11Processor.process(AbstractHttp11Processor.java:1091)
	at org.apache.coyote.AbstractProtocol$AbstractConnectionHandler.process(AbstractProtocol.java:668)
	at org.apache.tomcat.util.net.NioEndpoint$SocketProcessor.doRun(NioEndpoint.java:1527)
	at org.apache.tomcat.util.net.NioEndpoint$SocketProcessor.run(NioEndpoint.java:1484)
	at java.util.concurrent.ThreadPoolExecutor.runWorker(ThreadPoolExecutor.java:1142)
	at java.util.concurrent.ThreadPoolExecutor$Worker.run(ThreadPoolExecutor.java:617)
	at org.apache.tomcat.util.threads.TaskThread$WrappingRunnable.run(TaskThread.java:61)
	at java.lang.Thread.run(Thread.java:744)

09-Mar-2016 11:07:59.629 SEVERE [http-nio-8443-exec-7] org.apache.catalina.core.ApplicationDispatcher.invoke Servlet.service() for servlet jsp threw exception
 java.lang.ClassFormatError: Truncated class file
	at java.lang.ClassLoader.defineClass1(Native Method)
	at java.lang.ClassLoader.defineClass(ClassLoader.java:760)
	at java.security.SecureClassLoader.defineClass(SecureClassLoader.java:142)
	at java.net.URLClassLoader.defineClass(URLClassLoader.java:455)
	at java.net.URLClassLoader.access$100(URLClassLoader.java:73)
	at java.net.URLClassLoader$1.run(URLClassLoader.java:367)
	at java.net.URLClassLoader$1.run(URLClassLoader.java:361)
	at java.security.AccessController.doPrivileged(Native Method)
	at java.net.URLClassLoader.findClass(URLClassLoader.java:360)
	at org.apache.jasper.servlet.JasperLoader.loadClass(JasperLoader.java:131)
	at org.apache.jasper.servlet.JasperLoader.loadClass(JasperLoader.java:62)
	at org.apache.catalina.core.DefaultInstanceManager.newInstance(DefaultInstanceManager.java:129)
	at org.apache.jasper.servlet.JspServletWrapper.getServlet(JspServletWrapper.java:171)
	at org.apache.jasper.servlet.JspServletWrapper.service(JspServletWrapper.java:375)
	at org.apache.jasper.servlet.JspServlet.serviceJspFile(JspServlet.java:396)
	at org.apache.jasper.servlet.JspServlet.service(JspServlet.java:340)
	at javax.servlet.http.HttpServlet.service(HttpServlet.java:729)
	at org.apache.catalina.core.ApplicationFilterChain.internalDoFilter(ApplicationFilterChain.java:291)
	at org.apache.catalina.core.ApplicationFilterChain.doFilter(ApplicationFilterChain.java:206)
	at org.apache.catalina.core.ApplicationDispatcher.invoke(ApplicationDispatcher.java:721)
	at org.apache.catalina.core.ApplicationDispatcher.processRequest(ApplicationDispatcher.java:468)
	at org.apache.catalina.core.ApplicationDispatcher.doForward(ApplicationDispatcher.java:391)
	at org.apache.catalina.core.ApplicationDispatcher.forward(ApplicationDispatcher.java:318)
	at org.apache.catalina.core.StandardHostValve.custom(StandardHostValve.java:439)
	at org.apache.catalina.core.StandardHostValve.status(StandardHostValve.java:305)
	at org.apache.catalina.core.StandardHostValve.invoke(StandardHostValve.java:182)
	at org.apache.catalina.valves.ErrorReportValve.invoke(ErrorReportValve.java:79)
	at org.apache.catalina.valves.AbstractAccessLogValve.invoke(AbstractAccessLogValve.java:617)
	at org.apache.catalina.core.StandardEngineValve.invoke(StandardEngineValve.java:88)
	at org.apache.catalina.connector.CoyoteAdapter.service(CoyoteAdapter.java:518)
	at org.apache.coyote.http11.AbstractHttp11Processor.process(AbstractHttp11Processor.java:1091)
	at org.apache.coyote.AbstractProtocol$AbstractConnectionHandler.process(AbstractProtocol.java:668)
	at org.apache.tomcat.util.net.NioEndpoint$SocketProcessor.doRun(NioEndpoint.java:1527)
	at org.apache.tomcat.util.net.NioEndpoint$SocketProcessor.run(NioEndpoint.java:1484)
	at java.util.concurrent.ThreadPoolExecutor.runWorker(ThreadPoolExecutor.java:1142)
	at java.util.concurrent.ThreadPoolExecutor$Worker.run(ThreadPoolExecutor.java:617)
	at org.apache.tomcat.util.threads.TaskThread$WrappingRunnable.run(TaskThread.java:61)
	at java.lang.Thread.run(Thread.java:744)

09-Mar-2016 11:08:06.501 SEVERE [http-nio-8443-exec-8] org.apache.catalina.core.ApplicationDispatcher.invoke Servlet.service() for servlet jsp threw exception
 java.lang.ClassFormatError: Truncated class file
	at java.lang.ClassLoader.defineClass1(Native Method)
	at java.lang.ClassLoader.defineClass(ClassLoader.java:760)
	at java.security.SecureClassLoader.defineClass(SecureClassLoader.java:142)
	at java.net.URLClassLoader.defineClass(URLClassLoader.java:455)
	at java.net.URLClassLoader.access$100(URLClassLoader.java:73)
	at java.net.URLClassLoader$1.run(URLClassLoader.java:367)
	at java.net.URLClassLoader$1.run(URLClassLoader.java:361)
	at java.security.AccessController.doPrivileged(Native Method)
	at java.net.URLClassLoader.findClass(URLClassLoader.java:360)
	at org.apache.jasper.servlet.JasperLoader.loadClass(JasperLoader.java:131)
	at org.apache.jasper.servlet.JasperLoader.loadClass(JasperLoader.java:62)
	at org.apache.catalina.core.DefaultInstanceManager.newInstance(DefaultInstanceManager.java:129)
	at org.apache.jasper.servlet.JspServletWrapper.getServlet(JspServletWrapper.java:171)
	at org.apache.jasper.servlet.JspServletWrapper.service(JspServletWrapper.java:375)
	at org.apache.jasper.servlet.JspServlet.serviceJspFile(JspServlet.java:396)
	at org.apache.jasper.servlet.JspServlet.service(JspServlet.java:340)
	at javax.servlet.http.HttpServlet.service(HttpServlet.java:729)
	at org.apache.catalina.core.ApplicationFilterChain.internalDoFilter(ApplicationFilterChain.java:291)
	at org.apache.catalina.core.ApplicationFilterChain.doFilter(ApplicationFilterChain.java:206)
	at org.apache.catalina.core.ApplicationDispatcher.invoke(ApplicationDispatcher.java:721)
	at org.apache.catalina.core.ApplicationDispatcher.processRequest(ApplicationDispatcher.java:468)
	at org.apache.catalina.core.ApplicationDispatcher.doForward(ApplicationDispatcher.java:391)
	at org.apache.catalina.core.ApplicationDispatcher.forward(ApplicationDispatcher.java:318)
	at org.apache.catalina.core.StandardHostValve.custom(StandardHostValve.java:439)
	at org.apache.catalina.core.StandardHostValve.status(StandardHostValve.java:305)
	at org.apache.catalina.core.StandardHostValve.invoke(StandardHostValve.java:182)
	at org.apache.catalina.valves.ErrorReportValve.invoke(ErrorReportValve.java:79)
	at org.apache.catalina.valves.AbstractAccessLogValve.invoke(AbstractAccessLogValve.java:617)
	at org.apache.catalina.core.StandardEngineValve.invoke(StandardEngineValve.java:88)
	at org.apache.catalina.connector.CoyoteAdapter.service(CoyoteAdapter.java:518)
	at org.apache.coyote.http11.AbstractHttp11Processor.process(AbstractHttp11Processor.java:1091)
	at org.apache.coyote.AbstractProtocol$AbstractConnectionHandler.process(AbstractProtocol.java:668)
	at org.apache.tomcat.util.net.NioEndpoint$SocketProcessor.doRun(NioEndpoint.java:1527)
	at org.apache.tomcat.util.net.NioEndpoint$SocketProcessor.run(NioEndpoint.java:1484)
	at java.util.concurrent.ThreadPoolExecutor.runWorker(ThreadPoolExecutor.java:1142)
	at java.util.concurrent.ThreadPoolExecutor$Worker.run(ThreadPoolExecutor.java:617)
	at org.apache.tomcat.util.threads.TaskThread$WrappingRunnable.run(TaskThread.java:61)
	at java.lang.Thread.run(Thread.java:744)

09-Mar-2016 11:08:22.218 SEVERE [http-nio-8443-exec-1] org.apache.catalina.core.ApplicationDispatcher.invoke Servlet.service() for servlet jsp threw exception
 java.lang.ClassFormatError: Truncated class file
	at java.lang.ClassLoader.defineClass1(Native Method)
	at java.lang.ClassLoader.defineClass(ClassLoader.java:760)
	at java.security.SecureClassLoader.defineClass(SecureClassLoader.java:142)
	at java.net.URLClassLoader.defineClass(URLClassLoader.java:455)
	at java.net.URLClassLoader.access$100(URLClassLoader.java:73)
	at java.net.URLClassLoader$1.run(URLClassLoader.java:367)
	at java.net.URLClassLoader$1.run(URLClassLoader.java:361)
	at java.security.AccessController.doPrivileged(Native Method)
	at java.net.URLClassLoader.findClass(URLClassLoader.java:360)
	at org.apache.jasper.servlet.JasperLoader.loadClass(JasperLoader.java:131)
	at org.apache.jasper.servlet.JasperLoader.loadClass(JasperLoader.java:62)
	at org.apache.catalina.core.DefaultInstanceManager.newInstance(DefaultInstanceManager.java:129)
	at org.apache.jasper.servlet.JspServletWrapper.getServlet(JspServletWrapper.java:171)
	at org.apache.jasper.servlet.JspServletWrapper.service(JspServletWrapper.java:375)
	at org.apache.jasper.servlet.JspServlet.serviceJspFile(JspServlet.java:396)
	at org.apache.jasper.servlet.JspServlet.service(JspServlet.java:340)
	at javax.servlet.http.HttpServlet.service(HttpServlet.java:729)
	at org.apache.catalina.core.ApplicationFilterChain.internalDoFilter(ApplicationFilterChain.java:291)
	at org.apache.catalina.core.ApplicationFilterChain.doFilter(ApplicationFilterChain.java:206)
	at org.apache.catalina.core.ApplicationDispatcher.invoke(ApplicationDispatcher.java:721)
	at org.apache.catalina.core.ApplicationDispatcher.processRequest(ApplicationDispatcher.java:468)
	at org.apache.catalina.core.ApplicationDispatcher.doForward(ApplicationDispatcher.java:391)
	at org.apache.catalina.core.ApplicationDispatcher.forward(ApplicationDispatcher.java:318)
	at org.apache.catalina.core.StandardHostValve.custom(StandardHostValve.java:439)
	at org.apache.catalina.core.StandardHostValve.status(StandardHostValve.java:305)
	at org.apache.catalina.core.StandardHostValve.invoke(StandardHostValve.java:182)
	at org.apache.catalina.valves.ErrorReportValve.invoke(ErrorReportValve.java:79)
	at org.apache.catalina.valves.AbstractAccessLogValve.invoke(AbstractAccessLogValve.java:617)
	at org.apache.catalina.core.StandardEngineValve.invoke(StandardEngineValve.java:88)
	at org.apache.catalina.connector.CoyoteAdapter.service(CoyoteAdapter.java:518)
	at org.apache.coyote.http11.AbstractHttp11Processor.process(AbstractHttp11Processor.java:1091)
	at org.apache.coyote.AbstractProtocol$AbstractConnectionHandler.process(AbstractProtocol.java:668)
	at org.apache.tomcat.util.net.NioEndpoint$SocketProcessor.doRun(NioEndpoint.java:1527)
	at org.apache.tomcat.util.net.NioEndpoint$SocketProcessor.run(NioEndpoint.java:1484)
	at java.util.concurrent.ThreadPoolExecutor.runWorker(ThreadPoolExecutor.java:1142)
	at java.util.concurrent.ThreadPoolExecutor$Worker.run(ThreadPoolExecutor.java:617)
	at org.apache.tomcat.util.threads.TaskThread$WrappingRunnable.run(TaskThread.java:61)
	at java.lang.Thread.run(Thread.java:744)

09-Mar-2016 11:08:30.410 SEVERE [http-nio-8443-exec-3] org.apache.catalina.core.ApplicationDispatcher.invoke Servlet.service() for servlet jsp threw exception
 java.lang.ClassFormatError: Truncated class file
	at java.lang.ClassLoader.defineClass1(Native Method)
	at java.lang.ClassLoader.defineClass(ClassLoader.java:760)
	at java.security.SecureClassLoader.defineClass(SecureClassLoader.java:142)
	at java.net.URLClassLoader.defineClass(URLClassLoader.java:455)
	at java.net.URLClassLoader.access$100(URLClassLoader.java:73)
	at java.net.URLClassLoader$1.run(URLClassLoader.java:367)
	at java.net.URLClassLoader$1.run(URLClassLoader.java:361)
	at java.security.AccessController.doPrivileged(Native Method)
	at java.net.URLClassLoader.findClass(URLClassLoader.java:360)
	at org.apache.jasper.servlet.JasperLoader.loadClass(JasperLoader.java:131)
	at org.apache.jasper.servlet.JasperLoader.loadClass(JasperLoader.java:62)
	at org.apache.catalina.core.DefaultInstanceManager.newInstance(DefaultInstanceManager.java:129)
	at org.apache.jasper.servlet.JspServletWrapper.getServlet(JspServletWrapper.java:171)
	at org.apache.jasper.servlet.JspServletWrapper.service(JspServletWrapper.java:375)
	at org.apache.jasper.servlet.JspServlet.serviceJspFile(JspServlet.java:396)
	at org.apache.jasper.servlet.JspServlet.service(JspServlet.java:340)
	at javax.servlet.http.HttpServlet.service(HttpServlet.java:729)
	at org.apache.catalina.core.ApplicationFilterChain.internalDoFilter(ApplicationFilterChain.java:291)
	at org.apache.catalina.core.ApplicationFilterChain.doFilter(ApplicationFilterChain.java:206)
	at org.apache.catalina.core.ApplicationDispatcher.invoke(ApplicationDispatcher.java:721)
	at org.apache.catalina.core.ApplicationDispatcher.processRequest(ApplicationDispatcher.java:468)
	at org.apache.catalina.core.ApplicationDispatcher.doForward(ApplicationDispatcher.java:391)
	at org.apache.catalina.core.ApplicationDispatcher.forward(ApplicationDispatcher.java:318)
	at org.apache.catalina.core.StandardHostValve.custom(StandardHostValve.java:439)
	at org.apache.catalina.core.StandardHostValve.status(StandardHostValve.java:305)
	at org.apache.catalina.core.StandardHostValve.invoke(StandardHostValve.java:182)
	at org.apache.catalina.valves.ErrorReportValve.invoke(ErrorReportValve.java:79)
	at org.apache.catalina.valves.AbstractAccessLogValve.invoke(AbstractAccessLogValve.java:617)
	at org.apache.catalina.core.StandardEngineValve.invoke(StandardEngineValve.java:88)
	at org.apache.catalina.connector.CoyoteAdapter.service(CoyoteAdapter.java:518)
	at org.apache.coyote.http11.AbstractHttp11Processor.process(AbstractHttp11Processor.java:1091)
	at org.apache.coyote.AbstractProtocol$AbstractConnectionHandler.process(AbstractProtocol.java:668)
	at org.apache.tomcat.util.net.NioEndpoint$SocketProcessor.doRun(NioEndpoint.java:1527)
	at org.apache.tomcat.util.net.NioEndpoint$SocketProcessor.run(NioEndpoint.java:1484)
	at java.util.concurrent.ThreadPoolExecutor.runWorker(ThreadPoolExecutor.java:1142)
	at java.util.concurrent.ThreadPoolExecutor$Worker.run(ThreadPoolExecutor.java:617)
	at org.apache.tomcat.util.threads.TaskThread$WrappingRunnable.run(TaskThread.java:61)
	at java.lang.Thread.run(Thread.java:744)

09-Mar-2016 11:08:36.974 SEVERE [http-nio-8443-exec-5] org.apache.catalina.core.ApplicationDispatcher.invoke Servlet.service() for servlet jsp threw exception
 java.lang.ClassFormatError: Truncated class file
	at java.lang.ClassLoader.defineClass1(Native Method)
	at java.lang.ClassLoader.defineClass(ClassLoader.java:760)
	at java.security.SecureClassLoader.defineClass(SecureClassLoader.java:142)
	at java.net.URLClassLoader.defineClass(URLClassLoader.java:455)
	at java.net.URLClassLoader.access$100(URLClassLoader.java:73)
	at java.net.URLClassLoader$1.run(URLClassLoader.java:367)
	at java.net.URLClassLoader$1.run(URLClassLoader.java:361)
	at java.security.AccessController.doPrivileged(Native Method)
	at java.net.URLClassLoader.findClass(URLClassLoader.java:360)
	at org.apache.jasper.servlet.JasperLoader.loadClass(JasperLoader.java:131)
	at org.apache.jasper.servlet.JasperLoader.loadClass(JasperLoader.java:62)
	at org.apache.catalina.core.DefaultInstanceManager.newInstance(DefaultInstanceManager.java:129)
	at org.apache.jasper.servlet.JspServletWrapper.getServlet(JspServletWrapper.java:171)
	at org.apache.jasper.servlet.JspServletWrapper.service(JspServletWrapper.java:375)
	at org.apache.jasper.servlet.JspServlet.serviceJspFile(JspServlet.java:396)
	at org.apache.jasper.servlet.JspServlet.service(JspServlet.java:340)
	at javax.servlet.http.HttpServlet.service(HttpServlet.java:729)
	at org.apache.catalina.core.ApplicationFilterChain.internalDoFilter(ApplicationFilterChain.java:291)
	at org.apache.catalina.core.ApplicationFilterChain.doFilter(ApplicationFilterChain.java:206)
	at org.apache.catalina.core.ApplicationDispatcher.invoke(ApplicationDispatcher.java:721)
	at org.apache.catalina.core.ApplicationDispatcher.processRequest(ApplicationDispatcher.java:468)
	at org.apache.catalina.core.ApplicationDispatcher.doForward(ApplicationDispatcher.java:391)
	at org.apache.catalina.core.ApplicationDispatcher.forward(ApplicationDispatcher.java:318)
	at org.apache.catalina.core.StandardHostValve.custom(StandardHostValve.java:439)
	at org.apache.catalina.core.StandardHostValve.status(StandardHostValve.java:305)
	at org.apache.catalina.core.StandardHostValve.invoke(StandardHostValve.java:182)
	at org.apache.catalina.valves.ErrorReportValve.invoke(ErrorReportValve.java:79)
	at org.apache.catalina.valves.AbstractAccessLogValve.invoke(AbstractAccessLogValve.java:617)
	at org.apache.catalina.core.StandardEngineValve.invoke(StandardEngineValve.java:88)
	at org.apache.catalina.connector.CoyoteAdapter.service(CoyoteAdapter.java:518)
	at org.apache.coyote.http11.AbstractHttp11Processor.process(AbstractHttp11Processor.java:1091)
	at org.apache.coyote.AbstractProtocol$AbstractConnectionHandler.process(AbstractProtocol.java:668)
	at org.apache.tomcat.util.net.NioEndpoint$SocketProcessor.doRun(NioEndpoint.java:1527)
	at org.apache.tomcat.util.net.NioEndpoint$SocketProcessor.run(NioEndpoint.java:1484)
	at java.util.concurrent.ThreadPoolExecutor.runWorker(ThreadPoolExecutor.java:1142)
	at java.util.concurrent.ThreadPoolExecutor$Worker.run(ThreadPoolExecutor.java:617)
	at org.apache.tomcat.util.threads.TaskThread$WrappingRunnable.run(TaskThread.java:61)
	at java.lang.Thread.run(Thread.java:744)

09-Mar-2016 11:08:44.037 SEVERE [http-nio-8443-exec-2] org.apache.catalina.core.ApplicationDispatcher.invoke Servlet.service() for servlet jsp threw exception
 java.lang.ClassFormatError: Truncated class file
	at java.lang.ClassLoader.defineClass1(Native Method)
	at java.lang.ClassLoader.defineClass(ClassLoader.java:760)
	at java.security.SecureClassLoader.defineClass(SecureClassLoader.java:142)
	at java.net.URLClassLoader.defineClass(URLClassLoader.java:455)
	at java.net.URLClassLoader.access$100(URLClassLoader.java:73)
	at java.net.URLClassLoader$1.run(URLClassLoader.java:367)
	at java.net.URLClassLoader$1.run(URLClassLoader.java:361)
	at java.security.AccessController.doPrivileged(Native Method)
	at java.net.URLClassLoader.findClass(URLClassLoader.java:360)
	at org.apache.jasper.servlet.JasperLoader.loadClass(JasperLoader.java:131)
	at org.apache.jasper.servlet.JasperLoader.loadClass(JasperLoader.java:62)
	at org.apache.catalina.core.DefaultInstanceManager.newInstance(DefaultInstanceManager.java:129)
	at org.apache.jasper.servlet.JspServletWrapper.getServlet(JspServletWrapper.java:171)
	at org.apache.jasper.servlet.JspServletWrapper.service(JspServletWrapper.java:375)
	at org.apache.jasper.servlet.JspServlet.serviceJspFile(JspServlet.java:396)
	at org.apache.jasper.servlet.JspServlet.service(JspServlet.java:340)
	at javax.servlet.http.HttpServlet.service(HttpServlet.java:729)
	at org.apache.catalina.core.ApplicationFilterChain.internalDoFilter(ApplicationFilterChain.java:291)
	at org.apache.catalina.core.ApplicationFilterChain.doFilter(ApplicationFilterChain.java:206)
	at org.apache.catalina.core.ApplicationDispatcher.invoke(ApplicationDispatcher.java:721)
	at org.apache.catalina.core.ApplicationDispatcher.processRequest(ApplicationDispatcher.java:468)
	at org.apache.catalina.core.ApplicationDispatcher.doForward(ApplicationDispatcher.java:391)
	at org.apache.catalina.core.ApplicationDispatcher.forward(ApplicationDispatcher.java:318)
	at org.apache.catalina.core.StandardHostValve.custom(StandardHostValve.java:439)
	at org.apache.catalina.core.StandardHostValve.status(StandardHostValve.java:305)
	at org.apache.catalina.core.StandardHostValve.invoke(StandardHostValve.java:182)
	at org.apache.catalina.valves.ErrorReportValve.invoke(ErrorReportValve.java:79)
	at org.apache.catalina.valves.AbstractAccessLogValve.invoke(AbstractAccessLogValve.java:617)
	at org.apache.catalina.core.StandardEngineValve.invoke(StandardEngineValve.java:88)
	at org.apache.catalina.connector.CoyoteAdapter.service(CoyoteAdapter.java:518)
	at org.apache.coyote.http11.AbstractHttp11Processor.process(AbstractHttp11Processor.java:1091)
	at org.apache.coyote.AbstractProtocol$AbstractConnectionHandler.process(AbstractProtocol.java:668)
	at org.apache.tomcat.util.net.NioEndpoint$SocketProcessor.doRun(NioEndpoint.java:1527)
	at org.apache.tomcat.util.net.NioEndpoint$SocketProcessor.run(NioEndpoint.java:1484)
	at java.util.concurrent.ThreadPoolExecutor.runWorker(ThreadPoolExecutor.java:1142)
	at java.util.concurrent.ThreadPoolExecutor$Worker.run(ThreadPoolExecutor.java:617)
	at org.apache.tomcat.util.threads.TaskThread$WrappingRunnable.run(TaskThread.java:61)
	at java.lang.Thread.run(Thread.java:744)

09-Mar-2016 11:08:49.150 SEVERE [http-nio-8443-exec-6] org.apache.catalina.core.ApplicationDispatcher.invoke Servlet.service() for servlet jsp threw exception
 java.lang.ClassFormatError: Truncated class file
	at java.lang.ClassLoader.defineClass1(Native Method)
	at java.lang.ClassLoader.defineClass(ClassLoader.java:760)
	at java.security.SecureClassLoader.defineClass(SecureClassLoader.java:142)
	at java.net.URLClassLoader.defineClass(URLClassLoader.java:455)
	at java.net.URLClassLoader.access$100(URLClassLoader.java:73)
	at java.net.URLClassLoader$1.run(URLClassLoader.java:367)
	at java.net.URLClassLoader$1.run(URLClassLoader.java:361)
	at java.security.AccessController.doPrivileged(Native Method)
	at java.net.URLClassLoader.findClass(URLClassLoader.java:360)
	at org.apache.jasper.servlet.JasperLoader.loadClass(JasperLoader.java:131)
	at org.apache.jasper.servlet.JasperLoader.loadClass(JasperLoader.java:62)
	at org.apache.catalina.core.DefaultInstanceManager.newInstance(DefaultInstanceManager.java:129)
	at org.apache.jasper.servlet.JspServletWrapper.getServlet(JspServletWrapper.java:171)
	at org.apache.jasper.servlet.JspServletWrapper.service(JspServletWrapper.java:375)
	at org.apache.jasper.servlet.JspServlet.serviceJspFile(JspServlet.java:396)
	at org.apache.jasper.servlet.JspServlet.service(JspServlet.java:340)
	at javax.servlet.http.HttpServlet.service(HttpServlet.java:729)
	at org.apache.catalina.core.ApplicationFilterChain.internalDoFilter(ApplicationFilterChain.java:291)
	at org.apache.catalina.core.ApplicationFilterChain.doFilter(ApplicationFilterChain.java:206)
	at org.apache.catalina.core.ApplicationDispatcher.invoke(ApplicationDispatcher.java:721)
	at org.apache.catalina.core.ApplicationDispatcher.processRequest(ApplicationDispatcher.java:468)
	at org.apache.catalina.core.ApplicationDispatcher.doForward(ApplicationDispatcher.java:391)
	at org.apache.catalina.core.ApplicationDispatcher.forward(ApplicationDispatcher.java:318)
	at org.apache.catalina.core.StandardHostValve.custom(StandardHostValve.java:439)
	at org.apache.catalina.core.StandardHostValve.status(StandardHostValve.java:305)
	at org.apache.catalina.core.StandardHostValve.invoke(StandardHostValve.java:182)
	at org.apache.catalina.valves.ErrorReportValve.invoke(ErrorReportValve.java:79)
	at org.apache.catalina.valves.AbstractAccessLogValve.invoke(AbstractAccessLogValve.java:617)
	at org.apache.catalina.core.StandardEngineValve.invoke(StandardEngineValve.java:88)
	at org.apache.catalina.connector.CoyoteAdapter.service(CoyoteAdapter.java:518)
	at org.apache.coyote.http11.AbstractHttp11Processor.process(AbstractHttp11Processor.java:1091)
	at org.apache.coyote.AbstractProtocol$AbstractConnectionHandler.process(AbstractProtocol.java:668)
	at org.apache.tomcat.util.net.NioEndpoint$SocketProcessor.doRun(NioEndpoint.java:1527)
	at org.apache.tomcat.util.net.NioEndpoint$SocketProcessor.run(NioEndpoint.java:1484)
	at java.util.concurrent.ThreadPoolExecutor.runWorker(ThreadPoolExecutor.java:1142)
	at java.util.concurrent.ThreadPoolExecutor$Worker.run(ThreadPoolExecutor.java:617)
	at org.apache.tomcat.util.threads.TaskThread$WrappingRunnable.run(TaskThread.java:61)
	at java.lang.Thread.run(Thread.java:744)

